wandb: Currently logged in as: mai-cs (abr-ehr). Use `wandb login --relogin` to force relogin
dataset=mimic
cost=combined
meta_set=whole
batch_size=20
num_classes=2
num_meta=10
imb_factor=0.08
epochs=200
lr=0.0001
momentum=0.9
nesterov=True
weight_decay=0.0005
no_cuda=False
print_freq=100
gpu=0
save_name=OT_ARF12_imb0.08
idx=ours
model=MBertLstm
seed=42
[10, 10]
Numper of samples per class:  [5924, 702]
Imbalance factor:  0.08438746438746439
train data size:  6626
meta data size:  20
test data size:  1378
train batches=  332  batches
meta batches=  1  batches
test batches=  69  batches
wandb: - Waiting for wandb.init()...wandb: \ Waiting for wandb.init()...wandb: wandb version 0.13.10 is available!  To upgrade, please run:
wandb:  $ pip install wandb --upgrade
wandb: Tracking run with wandb version 0.13.9
wandb: Run data is saved locally in /home/mai.kassem/sources/abr-ehr/OT/wandb/run-20230301_220538-6hzoq3it
wandb: Run `wandb offline` to turn off syncing.
wandb: Syncing run experiment_jq2nq03n
wandb: ⭐️ View project at https://wandb.ai/abr-ehr/OT_ARF12
wandb: 🚀 View run at https://wandb.ai/abr-ehr/OT_ARF12/runs/6hzoq3it
meta_class_counts:  [10, 10]
(array([0, 1]), array([10, 10]))
Epoch: [0][0/332]	Loss 21.6178 (21.6178)	F1 0.853 (0.853)	AUROC 0.778 (0.778)	AUPR 0.176 (0.176)	Prec@1 90.000 (90.000)
Epoch: [0][100/332]	Loss 11.2641 (14.5441)	F1 0.889 (0.633)	AUROC nan (nan)	AUPR 0.500 (0.246)	Prec@1 80.000 (56.089)
Epoch: [0][200/332]	Loss 12.9339 (13.8875)	F1 0.633 (0.626)	AUROC 0.474 (nan)	AUPR 0.045 (0.247)	Prec@1 50.000 (55.572)
Epoch: [0][300/332]	Loss 14.7706 (13.5006)	F1 0.095 (0.632)	AUROC nan (nan)	AUPR 0.500 (0.241)	Prec@1 5.000 (56.246)
Epoch: [0][331/332]	Loss 7.1081 (13.3630)	F1 0.543 (0.635)	AUROC 0.400 (nan)	AUPR 0.125 (0.240)	Prec@1 50.000 (56.505)
Test: [68/69]	Time 0.099 (0.135)	Loss 0.6528 (0.6493)	F1 0.712 (0.713)	AUROC 0.941 (nan)	AUPR 0.250 (0.223)	Prec@1 61.111 (64.296)
 * Prec@1 64.296
 * F1 0.713
 * AUROC nan
 * AUPR 0.223
(array([0, 1]), array([10, 10]))
Epoch: [1][0/332]	Loss 11.9210 (11.9210)	F1 0.780 (0.780)	AUROC 0.765 (0.765)	AUPR 0.259 (0.259)	Prec@1 75.000 (75.000)
Epoch: [1][100/332]	Loss 7.8204 (12.0368)	F1 0.919 (0.650)	AUROC nan (nan)	AUPR 0.500 (0.234)	Prec@1 85.000 (58.119)
Epoch: [1][200/332]	Loss 12.7922 (12.1305)	F1 0.691 (0.643)	AUROC 0.608 (nan)	AUPR 0.184 (0.224)	Prec@1 65.000 (57.463)
Epoch: [1][300/332]	Loss 11.1732 (12.0520)	F1 0.415 (0.644)	AUROC 0.472 (nan)	AUPR 0.086 (0.221)	Prec@1 35.000 (57.691)
Epoch: [1][331/332]	Loss 8.2031 (12.0091)	F1 0.543 (0.647)	AUROC 0.600 (nan)	AUPR 0.167 (0.220)	Prec@1 50.000 (58.014)
Test: [68/69]	Time 0.095 (0.132)	Loss 0.8603 (0.8137)	F1 0.560 (0.484)	AUROC 0.941 (nan)	AUPR 0.250 (0.223)	Prec@1 44.444 (39.913)
 * Prec@1 39.913
 * F1 0.484
 * AUROC nan
 * AUPR 0.223
(array([0, 1]), array([10, 10]))
Epoch: [2][0/332]	Loss 10.6688 (10.6688)	F1 0.493 (0.493)	AUROC 0.368 (0.368)	AUPR 0.038 (0.038)	Prec@1 35.000 (35.000)
Epoch: [2][100/332]	Loss 10.7131 (11.1710)	F1 0.699 (0.684)	AUROC 0.647 (nan)	AUPR 0.180 (0.245)	Prec@1 65.000 (61.386)
Epoch: [2][200/332]	Loss 14.8266 (11.5166)	F1 0.600 (0.665)	AUROC 0.167 (nan)	AUPR 0.058 (0.248)	Prec@1 50.000 (59.801)
Epoch: [2][300/332]	Loss 18.5263 (11.6158)	F1 0.720 (0.657)	AUROC 0.571 (nan)	AUPR 0.357 (0.256)	Prec@1 75.000 (58.987)
Epoch: [2][331/332]	Loss 5.5314 (11.6502)	F1 0.286 (0.654)	AUROC nan (nan)	AUPR 0.500 (0.253)	Prec@1 16.667 (58.542)
Test: [68/69]	Time 0.101 (0.135)	Loss 0.8109 (0.7644)	F1 0.615 (0.570)	AUROC 0.941 (nan)	AUPR 0.250 (0.221)	Prec@1 50.000 (47.750)
 * Prec@1 47.750
 * F1 0.570
 * AUROC nan
 * AUPR 0.221
(array([0, 1]), array([10, 10]))
Epoch: [3][0/332]	Loss 10.3870 (10.3870)	F1 0.516 (0.516)	AUROC 0.667 (0.667)	AUPR 0.245 (0.245)	Prec@1 45.000 (45.000)
Epoch: [3][100/332]	Loss 10.0374 (11.8467)	F1 0.633 (0.627)	AUROC 0.474 (nan)	AUPR 0.045 (0.218)	Prec@1 50.000 (55.396)
Epoch: [3][200/332]	Loss 9.8415 (11.7180)	F1 0.719 (0.636)	AUROC 0.667 (nan)	AUPR 0.148 (0.231)	Prec@1 65.000 (56.318)
Epoch: [3][300/332]	Loss 11.0765 (11.6219)	F1 0.613 (0.643)	AUROC 0.647 (nan)	AUPR 0.178 (0.233)	Prec@1 55.000 (56.894)
Epoch: [3][331/332]	Loss 6.2531 (11.5907)	F1 0.500 (0.646)	AUROC nan (nan)	AUPR 0.500 (0.236)	Prec@1 33.333 (57.199)
Test: [68/69]	Time 0.101 (0.132)	Loss 1.2301 (1.1186)	F1 0.290 (0.169)	AUROC 0.941 (nan)	AUPR 0.250 (0.212)	Prec@1 22.222 (18.142)
 * Prec@1 18.142
 * F1 0.169
 * AUROC nan
 * AUPR 0.212
(array([0, 1]), array([10, 10]))
Epoch: [4][0/332]	Loss 10.6421 (10.6421)	F1 0.349 (0.349)	AUROC 0.778 (0.778)	AUPR 0.212 (0.212)	Prec@1 30.000 (30.000)
Epoch: [4][100/332]	Loss 12.7354 (11.6954)	F1 0.248 (0.647)	AUROC 0.000 (nan)	AUPR 0.025 (0.225)	Prec@1 15.000 (57.277)
Epoch: [4][200/332]	Loss 9.5107 (11.7480)	F1 0.782 (0.644)	AUROC 0.579 (nan)	AUPR 0.056 (0.241)	Prec@1 70.000 (57.164)
Epoch: [4][300/332]	Loss 10.3750 (11.8996)	F1 0.710 (0.635)	AUROC nan (nan)	AUPR 0.500 (0.228)	Prec@1 55.000 (56.362)
Epoch: [4][331/332]	Loss 5.7308 (11.8387)	F1 0.667 (0.638)	AUROC nan (nan)	AUPR 0.500 (0.230)	Prec@1 50.000 (56.641)
Test: [68/69]	Time 0.099 (0.136)	Loss 0.8439 (0.7828)	F1 0.615 (0.552)	AUROC 0.941 (nan)	AUPR 0.250 (0.225)	Prec@1 50.000 (45.864)
 * Prec@1 45.864
 * F1 0.552
 * AUROC nan
 * AUPR 0.225
(array([0, 1]), array([10, 10]))
Epoch: [5][0/332]	Loss 9.8071 (9.8071)	F1 0.633 (0.633)	AUROC 0.526 (0.526)	AUPR 0.050 (0.050)	Prec@1 50.000 (50.000)
Epoch: [5][100/332]	Loss 10.7072 (11.6219)	F1 0.730 (0.644)	AUROC 0.844 (nan)	AUPR 0.395 (0.219)	Prec@1 70.000 (57.129)
Epoch: [5][200/332]	Loss 11.2024 (11.5399)	F1 0.740 (0.653)	AUROC 0.686 (nan)	AUPR 0.234 (0.234)	Prec@1 70.000 (58.433)
Epoch: [5][300/332]	Loss 9.6829 (11.5004)	F1 0.676 (0.654)	AUROC 0.556 (nan)	AUPR 0.106 (0.223)	Prec@1 60.000 (58.522)
Epoch: [5][331/332]	Loss 5.0856 (11.5177)	F1 1.000 (0.654)	AUROC nan (nan)	AUPR 0.500 (0.227)	Prec@1 100.000 (58.527)
Test: [68/69]	Time 0.250 (0.135)	Loss 0.4922 (0.5032)	F1 0.875 (0.798)	AUROC 0.941 (nan)	AUPR 0.250 (0.224)	Prec@1 83.333 (79.100)
 * Prec@1 79.100
 * F1 0.798
 * AUROC nan
 * AUPR 0.224
(array([0, 1]), array([10, 10]))
Epoch: [6][0/332]	Loss 12.4297 (12.4297)	F1 0.680 (0.680)	AUROC 0.417 (0.417)	AUPR 0.084 (0.084)	Prec@1 60.000 (60.000)
Epoch: [6][100/332]	Loss 8.9529 (11.5194)	F1 0.782 (0.636)	AUROC 0.526 (nan)	AUPR 0.050 (0.231)	Prec@1 70.000 (56.436)
Epoch: [6][200/332]	Loss 7.5535 (11.4482)	F1 0.784 (0.655)	AUROC 1.000 (nan)	AUPR 1.000 (0.256)	Prec@1 70.000 (58.159)
Epoch: [6][300/332]	Loss 10.9587 (11.5200)	F1 0.674 (0.649)	AUROC 0.211 (nan)	AUPR 0.031 (0.233)	Prec@1 55.000 (57.591)
Epoch: [6][331/332]	Loss 6.4275 (11.5160)	F1 0.500 (0.649)	AUROC nan (nan)	AUPR 0.500 (0.235)	Prec@1 33.333 (57.531)
Test: [68/69]	Time 0.101 (0.132)	Loss 0.7532 (0.7111)	F1 0.665 (0.654)	AUROC 0.941 (nan)	AUPR 0.250 (0.226)	Prec@1 55.556 (56.894)
 * Prec@1 56.894
 * F1 0.654
 * AUROC nan
 * AUPR 0.226
(array([0, 1]), array([10, 10]))
Epoch: [7][0/332]	Loss 9.0942 (9.0942)	F1 0.519 (0.519)	AUROC nan (nan)	AUPR 0.500 (0.500)	Prec@1 35.000 (35.000)
Epoch: [7][100/332]	Loss 8.5484 (11.7472)	F1 0.784 (0.632)	AUROC 1.000 (nan)	AUPR 1.000 (0.269)	Prec@1 70.000 (55.545)
Epoch: [7][200/332]	Loss 13.8872 (11.8043)	F1 0.740 (0.634)	AUROC 0.647 (nan)	AUPR 0.570 (0.269)	Prec@1 70.000 (56.045)
Epoch: [7][300/332]	Loss 15.2064 (11.7638)	F1 0.479 (0.630)	AUROC 0.373 (nan)	AUPR 0.112 (0.247)	Prec@1 40.000 (55.598)
Epoch: [7][331/332]	Loss 5.5734 (11.7374)	F1 0.667 (0.631)	AUROC nan (nan)	AUPR 0.500 (0.238)	Prec@1 50.000 (55.554)
Test: [68/69]	Time 0.099 (0.135)	Loss 0.6740 (0.6392)	F1 0.712 (0.723)	AUROC 0.941 (nan)	AUPR 0.250 (0.223)	Prec@1 61.111 (65.893)
 * Prec@1 65.893
 * F1 0.723
 * AUROC nan
 * AUPR 0.223
(array([0, 1]), array([10, 10]))
Epoch: [8][0/332]	Loss 9.2717 (9.2717)	F1 0.784 (0.784)	AUROC 0.842 (0.842)	AUPR 0.125 (0.125)	Prec@1 70.000 (70.000)
Epoch: [8][100/332]	Loss 11.8826 (11.3165)	F1 0.265 (0.685)	AUROC 0.737 (nan)	AUPR 0.083 (0.255)	Prec@1 20.000 (61.535)
Epoch: [8][200/332]	Loss 10.0593 (11.5685)	F1 0.712 (0.653)	AUROC 0.211 (nan)	AUPR 0.031 (0.239)	Prec@1 60.000 (58.234)
Epoch: [8][300/332]	Loss 12.5451 (11.6650)	F1 0.499 (0.650)	AUROC 0.306 (nan)	AUPR 0.069 (0.239)	Prec@1 40.000 (58.023)
Epoch: [8][331/332]	Loss 7.4769 (11.6603)	F1 0.667 (0.651)	AUROC nan (nan)	AUPR 0.500 (0.236)	Prec@1 50.000 (58.059)
Test: [68/69]	Time 0.098 (0.136)	Loss 0.6403 (0.6109)	F1 0.712 (0.736)	AUROC 0.941 (nan)	AUPR 0.250 (0.226)	Prec@1 61.111 (67.852)
 * Prec@1 67.852
 * F1 0.736
 * AUROC nan
 * AUPR 0.226
(array([0, 1]), array([10, 10]))
Epoch: [9][0/332]	Loss 20.8572 (20.8572)	F1 0.600 (0.600)	AUROC 0.234 (0.234)	AUPR 0.131 (0.131)	Prec@1 60.000 (60.000)
Epoch: [9][100/332]	Loss 7.9872 (11.3723)	F1 0.782 (0.654)	AUROC 0.474 (nan)	AUPR 0.045 (0.203)	Prec@1 70.000 (58.366)
Epoch: [9][200/332]	Loss 15.1058 (11.7471)	F1 0.567 (0.642)	AUROC 0.353 (nan)	AUPR 0.112 (0.213)	Prec@1 50.000 (57.537)
Epoch: [9][300/332]	Loss 9.2795 (11.6197)	F1 0.710 (0.650)	AUROC nan (nan)	AUPR 0.500 (0.213)	Prec@1 55.000 (58.156)
Epoch: [9][331/332]	Loss 5.2692 (11.6257)	F1 0.800 (0.651)	AUROC nan (nan)	AUPR 0.500 (0.214)	Prec@1 66.667 (58.286)
Test: [68/69]	Time 0.101 (0.134)	Loss 0.7586 (0.6936)	F1 0.665 (0.670)	AUROC 0.941 (nan)	AUPR 0.250 (0.220)	Prec@1 55.556 (58.781)
 * Prec@1 58.781
 * F1 0.670
 * AUROC nan
 * AUPR 0.220
(array([0, 1]), array([10, 10]))
Epoch: [10][0/332]	Loss 9.9200 (9.9200)	F1 0.784 (0.784)	AUROC 0.842 (0.842)	AUPR 0.125 (0.125)	Prec@1 70.000 (70.000)
Epoch: [10][100/332]	Loss 15.9677 (11.7467)	F1 0.248 (0.628)	AUROC 0.000 (nan)	AUPR 0.025 (0.239)	Prec@1 15.000 (55.842)
Epoch: [10][200/332]	Loss 12.5781 (11.4248)	F1 0.388 (0.650)	AUROC 0.528 (nan)	AUPR 0.110 (0.233)	Prec@1 30.000 (58.085)
Epoch: [10][300/332]	Loss 13.1769 (11.6124)	F1 0.691 (0.644)	AUROC 0.588 (nan)	AUPR 0.169 (0.220)	Prec@1 65.000 (57.243)
Epoch: [10][331/332]	Loss 9.2419 (11.6624)	F1 0.543 (0.642)	AUROC 0.400 (nan)	AUPR 0.125 (0.218)	Prec@1 50.000 (57.139)
Test: [68/69]	Time 0.100 (0.132)	Loss 1.0305 (0.9245)	F1 0.367 (0.406)	AUROC 0.941 (nan)	AUPR 0.250 (0.226)	Prec@1 27.778 (33.454)
 * Prec@1 33.454
 * F1 0.406
 * AUROC nan
 * AUPR 0.226
(array([0, 1]), array([10, 10]))
Epoch: [11][0/332]	Loss 9.1570 (9.1570)	F1 0.788 (0.788)	AUROC nan (nan)	AUPR 0.500 (0.500)	Prec@1 65.000 (65.000)
Epoch: [11][100/332]	Loss 11.5396 (11.4098)	F1 0.463 (0.651)	AUROC 0.667 (nan)	AUPR 0.229 (0.225)	Prec@1 40.000 (57.871)
Epoch: [11][200/332]	Loss 11.0038 (11.4042)	F1 0.613 (0.649)	AUROC 0.686 (nan)	AUPR 0.575 (0.225)	Prec@1 55.000 (57.687)
Epoch: [11][300/332]	Loss 13.6912 (11.4213)	F1 0.405 (0.651)	AUROC 0.588 (nan)	AUPR 0.197 (0.229)	Prec@1 35.000 (57.940)
Epoch: [11][331/332]	Loss 6.0331 (11.4543)	F1 0.909 (0.648)	AUROC nan (nan)	AUPR 0.500 (0.224)	Prec@1 83.333 (57.561)
Test: [68/69]	Time 0.101 (0.135)	Loss 0.5844 (0.5736)	F1 0.756 (0.758)	AUROC 0.941 (nan)	AUPR 0.250 (0.226)	Prec@1 66.667 (71.553)
 * Prec@1 71.553
 * F1 0.758
 * AUROC nan
 * AUPR 0.226
(array([0, 1]), array([10, 10]))
Epoch: [12][0/332]	Loss 11.6125 (11.6125)	F1 0.712 (0.712)	AUROC 0.000 (0.000)	AUPR 0.025 (0.025)	Prec@1 60.000 (60.000)
Epoch: [12][100/332]	Loss 11.1938 (11.8292)	F1 0.748 (0.633)	AUROC 0.000 (nan)	AUPR 0.025 (0.215)	Prec@1 65.000 (56.386)
Epoch: [12][200/332]	Loss 11.9269 (11.7195)	F1 0.445 (0.644)	AUROC 0.500 (nan)	AUPR 0.165 (0.222)	Prec@1 35.000 (57.114)
Epoch: [12][300/332]	Loss 26.1507 (11.7105)	F1 0.644 (0.644)	AUROC 0.417 (nan)	AUPR 0.377 (0.228)	Prec@1 70.000 (57.076)
Epoch: [12][331/332]	Loss 4.6787 (11.6877)	F1 0.800 (0.644)	AUROC nan (nan)	AUPR 0.500 (0.233)	Prec@1 66.667 (57.123)
Test: [68/69]	Time 0.100 (0.138)	Loss 0.5039 (0.5099)	F1 0.837 (0.793)	AUROC 0.941 (nan)	AUPR 0.250 (0.226)	Prec@1 77.778 (77.866)
 * Prec@1 77.866
 * F1 0.793
 * AUROC nan
 * AUPR 0.226
(array([0, 1]), array([10, 10]))
Epoch: [13][0/332]	Loss 9.8841 (9.8841)	F1 0.838 (0.838)	AUROC 0.833 (0.833)	AUPR 0.225 (0.225)	Prec@1 80.000 (80.000)
Epoch: [13][100/332]	Loss 11.8182 (11.5628)	F1 0.496 (0.656)	AUROC 0.765 (nan)	AUPR 0.344 (0.240)	Prec@1 45.000 (58.614)
Epoch: [13][200/332]	Loss 9.4815 (11.7309)	F1 0.531 (0.645)	AUROC 0.889 (nan)	AUPR 0.287 (0.237)	Prec@1 45.000 (57.338)
Epoch: [13][300/332]	Loss 13.6163 (11.6851)	F1 0.395 (0.648)	AUROC 0.359 (nan)	AUPR 0.152 (0.241)	Prec@1 35.000 (57.741)
Epoch: [13][331/332]	Loss 8.6083 (11.6289)	F1 0.333 (0.649)	AUROC 1.000 (nan)	AUPR 1.000 (0.249)	Prec@1 33.333 (57.788)
Test: [68/69]	Time 0.103 (0.134)	Loss 0.9734 (0.8804)	F1 0.560 (0.471)	AUROC 0.941 (nan)	AUPR 0.250 (0.225)	Prec@1 44.444 (38.607)
 * Prec@1 38.607
 * F1 0.471
 * AUROC nan
 * AUPR 0.225
(array([0, 1]), array([10, 10]))
Epoch: [14][0/332]	Loss 10.8862 (10.8862)	F1 0.710 (0.710)	AUROC nan (nan)	AUPR 0.500 (0.500)	Prec@1 55.000 (55.000)
Epoch: [14][100/332]	Loss 7.3594 (11.5092)	F1 0.747 (0.644)	AUROC 0.842 (nan)	AUPR 0.125 (0.225)	Prec@1 65.000 (57.129)
Epoch: [14][200/332]	Loss 13.5369 (11.5530)	F1 0.638 (0.642)	AUROC 0.484 (nan)	AUPR 0.187 (0.214)	Prec@1 60.000 (56.990)
Epoch: [14][300/332]	Loss 7.9421 (11.5089)	F1 0.750 (0.648)	AUROC nan (nan)	AUPR 0.500 (0.217)	Prec@1 60.000 (57.608)
Epoch: [14][331/332]	Loss 10.8571 (11.4734)	F1 0.758 (0.649)	AUROC 0.400 (nan)	AUPR 0.125 (0.230)	Prec@1 83.333 (57.742)
Test: [68/69]	Time 0.101 (0.133)	Loss 0.6094 (0.5975)	F1 0.756 (0.742)	AUROC 0.941 (nan)	AUPR 0.250 (0.229)	Prec@1 66.667 (68.940)
 * Prec@1 68.940
 * F1 0.742
 * AUROC nan
 * AUPR 0.229
(array([0, 1]), array([10, 10]))
Epoch: [15][0/332]	Loss 8.4988 (8.4988)	F1 0.814 (0.814)	AUROC 0.737 (0.737)	AUPR 0.083 (0.083)	Prec@1 75.000 (75.000)
Epoch: [15][100/332]	Loss 12.6857 (12.0018)	F1 0.342 (0.642)	AUROC 0.569 (nan)	AUPR 0.451 (0.269)	Prec@1 30.000 (57.772)
Epoch: [15][200/332]	Loss 11.5695 (11.8456)	F1 0.639 (0.643)	AUROC 0.417 (nan)	AUPR 0.090 (0.247)	Prec@1 55.000 (57.463)
Epoch: [15][300/332]	Loss 8.8122 (11.6162)	F1 0.824 (0.658)	AUROC nan (nan)	AUPR 0.500 (0.251)	Prec@1 70.000 (59.037)
Epoch: [15][331/332]	Loss 7.9965 (11.6132)	F1 0.500 (0.658)	AUROC nan (nan)	AUPR 0.500 (0.250)	Prec@1 33.333 (58.919)
Test: [68/69]	Time 0.097 (0.134)	Loss 1.2829 (1.1563)	F1 0.290 (0.188)	AUROC 0.941 (nan)	AUPR 0.250 (0.227)	Prec@1 22.222 (19.086)
 * Prec@1 19.086
 * F1 0.188
 * AUROC nan
 * AUPR 0.227
(array([0, 1]), array([10, 10]))
Epoch: [16][0/332]	Loss 11.7419 (11.7419)	F1 0.543 (0.543)	AUROC 0.421 (0.421)	AUPR 0.042 (0.042)	Prec@1 40.000 (40.000)
Epoch: [16][100/332]	Loss 12.6481 (11.3928)	F1 0.771 (0.661)	AUROC 0.306 (nan)	AUPR 0.070 (0.205)	Prec@1 75.000 (58.663)
Epoch: [16][200/332]	Loss 9.2994 (11.6041)	F1 0.619 (0.648)	AUROC 0.579 (nan)	AUPR 0.056 (0.212)	Prec@1 50.000 (57.413)
Epoch: [16][300/332]	Loss 10.7539 (11.5093)	F1 0.549 (0.651)	AUROC 0.528 (nan)	AUPR 0.095 (0.231)	Prec@1 45.000 (57.841)
Epoch: [16][331/332]	Loss 4.6506 (11.5216)	F1 0.500 (0.651)	AUROC nan (nan)	AUPR 0.500 (0.231)	Prec@1 33.333 (57.712)
Test: [68/69]	Time 0.099 (0.131)	Loss 0.8341 (0.7626)	F1 0.665 (0.596)	AUROC 0.882 (nan)	AUPR 0.167 (0.224)	Prec@1 55.556 (50.363)
 * Prec@1 50.363
 * F1 0.596
 * AUROC nan
 * AUPR 0.224
(array([0, 1]), array([10, 10]))
Epoch: [17][0/332]	Loss 14.0470 (14.0470)	F1 0.714 (0.714)	AUROC 0.653 (0.653)	AUPR 0.349 (0.349)	Prec@1 70.000 (70.000)
Epoch: [17][100/332]	Loss 9.1829 (11.4251)	F1 0.784 (0.662)	AUROC 0.737 (nan)	AUPR 0.083 (0.228)	Prec@1 70.000 (58.663)
Epoch: [17][200/332]	Loss 14.3883 (11.5607)	F1 0.257 (0.654)	AUROC 0.472 (nan)	AUPR 0.095 (0.258)	Prec@1 20.000 (58.060)
Epoch: [17][300/332]	Loss 10.1339 (11.6647)	F1 0.633 (0.642)	AUROC 0.316 (nan)	AUPR 0.036 (0.249)	Prec@1 50.000 (56.993)
Epoch: [17][331/332]	Loss 6.7724 (11.5987)	F1 0.543 (0.646)	AUROC 0.800 (nan)	AUPR 0.250 (0.246)	Prec@1 50.000 (57.380)
Test: [68/69]	Time 0.105 (0.133)	Loss 1.3044 (1.1636)	F1 0.290 (0.196)	AUROC 0.941 (nan)	AUPR 0.250 (0.229)	Prec@1 22.222 (19.594)
 * Prec@1 19.594
 * F1 0.196
 * AUROC nan
 * AUPR 0.229
(array([0, 1]), array([10, 10]))
Epoch: [18][0/332]	Loss 12.1036 (12.1036)	F1 0.499 (0.499)	AUROC 0.389 (0.389)	AUPR 0.076 (0.076)	Prec@1 40.000 (40.000)
Epoch: [18][100/332]	Loss 10.2226 (11.8544)	F1 0.710 (0.642)	AUROC nan (nan)	AUPR 0.500 (0.258)	Prec@1 55.000 (57.030)
Epoch: [18][200/332]	Loss 13.2129 (11.7201)	F1 0.800 (0.649)	AUROC 0.828 (nan)	AUPR 0.412 (0.252)	Prec@1 80.000 (57.612)
Epoch: [18][300/332]	Loss 10.6976 (11.5975)	F1 0.631 (0.653)	AUROC 0.833 (nan)	AUPR 0.598 (0.251)	Prec@1 55.000 (58.023)
Epoch: [18][331/332]	Loss 9.6194 (11.5445)	F1 0.190 (0.655)	AUROC 0.250 (nan)	AUPR 0.225 (0.247)	Prec@1 16.667 (58.195)
Test: [68/69]	Time 0.100 (0.136)	Loss 1.0976 (0.9763)	F1 0.367 (0.356)	AUROC 0.941 (nan)	AUPR 0.250 (0.224)	Prec@1 27.778 (29.826)
 * Prec@1 29.826
 * F1 0.356
 * AUROC nan
 * AUPR 0.224
(array([0, 1]), array([10, 10]))
Epoch: [19][0/332]	Loss 9.6032 (9.6032)	F1 0.775 (0.775)	AUROC 0.875 (0.875)	AUPR 0.438 (0.438)	Prec@1 75.000 (75.000)
Epoch: [19][100/332]	Loss 9.6972 (11.8753)	F1 0.680 (0.624)	AUROC 0.667 (nan)	AUPR 0.128 (0.257)	Prec@1 60.000 (55.198)
Epoch: [19][200/332]	Loss 10.5428 (11.8294)	F1 0.571 (0.631)	AUROC 0.789 (nan)	AUPR 0.100 (0.252)	Prec@1 45.000 (55.771)
Epoch: [19][300/332]	Loss 10.2167 (11.6511)	F1 0.667 (0.642)	AUROC nan (nan)	AUPR 0.500 (0.238)	Prec@1 50.000 (56.777)
Epoch: [19][331/332]	Loss 9.1410 (11.7155)	F1 0.238 (0.637)	AUROC 0.000 (nan)	AUPR 0.083 (0.239)	Prec@1 16.667 (56.369)
Test: [68/69]	Time 0.107 (0.135)	Loss 0.9672 (0.8690)	F1 0.437 (0.463)	AUROC 0.882 (nan)	AUPR 0.167 (0.226)	Prec@1 33.333 (37.954)
 * Prec@1 37.954
 * F1 0.463
 * AUROC nan
 * AUPR 0.226
(array([0, 1]), array([10, 10]))
Epoch: [20][0/332]	Loss 9.9352 (9.9352)	F1 0.531 (0.531)	AUROC 0.528 (0.528)	AUPR 0.098 (0.098)	Prec@1 45.000 (45.000)
Epoch: [20][100/332]	Loss 9.3144 (11.7284)	F1 0.756 (0.636)	AUROC 0.778 (nan)	AUPR 0.578 (0.210)	Prec@1 70.000 (56.634)
Epoch: [20][200/332]	Loss 9.9598 (11.6992)	F1 0.719 (0.637)	AUROC 0.722 (nan)	AUPR 0.155 (0.241)	Prec@1 65.000 (56.667)
Epoch: [20][300/332]	Loss 21.5164 (11.8057)	F1 0.600 (0.640)	AUROC 0.453 (nan)	AUPR 0.166 (0.249)	Prec@1 60.000 (57.027)
Epoch: [20][331/332]	Loss 7.2365 (11.7308)	F1 0.667 (0.642)	AUROC 0.750 (nan)	AUPR 0.417 (0.243)	Prec@1 66.667 (57.184)
Test: [68/69]	Time 0.121 (0.133)	Loss 0.9268 (0.8334)	F1 0.560 (0.506)	AUROC 0.941 (nan)	AUPR 0.250 (0.225)	Prec@1 44.444 (41.582)
 * Prec@1 41.582
 * F1 0.506
 * AUROC nan
 * AUPR 0.225
(array([0, 1]), array([10, 10]))
Epoch: [21][0/332]	Loss 12.4635 (12.4635)	F1 0.463 (0.463)	AUROC 0.529 (0.529)	AUPR 0.142 (0.142)	Prec@1 40.000 (40.000)
Epoch: [21][100/332]	Loss 11.4806 (11.7100)	F1 0.600 (0.628)	AUROC 0.389 (nan)	AUPR 0.080 (0.238)	Prec@1 50.000 (55.842)
Epoch: [21][200/332]	Loss 13.1922 (11.6873)	F1 0.595 (0.642)	AUROC 0.389 (nan)	AUPR 0.078 (0.223)	Prec@1 50.000 (57.264)
Epoch: [21][300/332]	Loss 7.8607 (11.5814)	F1 0.788 (0.645)	AUROC nan (nan)	AUPR 0.500 (0.227)	Prec@1 65.000 (57.558)
Epoch: [21][331/332]	Loss 6.0218 (11.5153)	F1 0.543 (0.649)	AUROC 1.000 (nan)	AUPR 1.000 (0.234)	Prec@1 50.000 (57.923)
Test: [68/69]	Time 0.100 (0.136)	Loss 1.0470 (0.9358)	F1 0.437 (0.404)	AUROC 0.941 (nan)	AUPR 0.250 (0.224)	Prec@1 33.333 (33.164)
 * Prec@1 33.164
 * F1 0.404
 * AUROC nan
 * AUPR 0.224
(array([0, 1]), array([10, 10]))
Epoch: [22][0/332]	Loss 9.5686 (9.5686)	F1 0.552 (0.552)	AUROC 0.843 (0.843)	AUPR 0.549 (0.549)	Prec@1 50.000 (50.000)
Epoch: [22][100/332]	Loss 9.3399 (11.6624)	F1 0.858 (0.646)	AUROC 0.824 (nan)	AUPR 0.365 (0.248)	Prec@1 85.000 (57.277)
Epoch: [22][200/332]	Loss 10.0648 (11.8152)	F1 0.707 (0.632)	AUROC 0.842 (nan)	AUPR 0.125 (0.270)	Prec@1 60.000 (56.244)
Epoch: [22][300/332]	Loss 7.8225 (11.6134)	F1 0.857 (0.641)	AUROC nan (nan)	AUPR 0.500 (0.258)	Prec@1 75.000 (56.910)
Epoch: [22][331/332]	Loss 6.6952 (11.6038)	F1 0.286 (0.642)	AUROC nan (nan)	AUPR 0.500 (0.256)	Prec@1 16.667 (56.988)
Test: [68/69]	Time 0.101 (0.135)	Loss 0.7363 (0.6864)	F1 0.665 (0.681)	AUROC 0.941 (nan)	AUPR 0.250 (0.215)	Prec@1 55.556 (60.160)
 * Prec@1 60.160
 * F1 0.681
 * AUROC nan
 * AUPR 0.215
(array([0, 1]), array([10, 10]))
Epoch: [23][0/332]	Loss 14.0573 (14.0573)	F1 0.559 (0.559)	AUROC 0.250 (0.250)	AUPR 0.063 (0.063)	Prec@1 45.000 (45.000)
Epoch: [23][100/332]	Loss 11.3457 (11.4266)	F1 0.680 (0.650)	AUROC 0.688 (nan)	AUPR 0.266 (0.225)	Prec@1 65.000 (57.871)
Epoch: [23][200/332]	Loss 16.0891 (11.5778)	F1 0.660 (0.652)	AUROC 0.667 (nan)	AUPR 0.307 (0.223)	Prec@1 65.000 (58.035)
Epoch: [23][300/332]	Loss 11.3570 (11.4788)	F1 0.638 (0.656)	AUROC 0.719 (nan)	AUPR 0.309 (0.228)	Prec@1 60.000 (58.472)
Epoch: [23][331/332]	Loss 7.6459 (11.5579)	F1 1.000 (0.652)	AUROC nan (nan)	AUPR 0.500 (0.227)	Prec@1 100.000 (58.074)
Test: [68/69]	Time 0.107 (0.132)	Loss 0.5676 (0.5477)	F1 0.756 (0.777)	AUROC 0.941 (nan)	AUPR 0.250 (0.227)	Prec@1 66.667 (74.819)
 * Prec@1 74.819
 * F1 0.777
 * AUROC nan
 * AUPR 0.227
(array([0, 1]), array([10, 10]))
