dataset=mimic
cost=combined
meta_set=whole
batch_size=16
num_classes=2
imb_factor=0.005
epochs=14
lr=2e-05
momentum=0.9
nesterov=True
weight_decay=0.0005
no_cuda=False
print_freq=100
gpu=0
save_name=OT_ARF12_imb0.005
idx=ours
model=Bert
seed=42
train data size:  6626
validation data size:  1389
test data size:  1378
train batches=  415  batches
validation batches=  87  batches
test batches=  87  batches
Epoch: [0][0/415]	Loss 14.2101 (14.2101)	F1 0.448 (0.448)	AUROC 0.500 (0.500)	AUPR 0.594 (0.594)	Prec@1 81.250 (81.250)
Epoch: [0][100/415]	Loss 6.0801 (10.6722)	F1 1.000 (0.529)	AUROC 0.500 (0.515)	AUPR 0.500 (0.379)	Prec@1 100.000 (81.126)
Epoch: [0][200/415]	Loss 9.7395 (10.7898)	F1 0.467 (0.517)	AUROC 0.467 (0.508)	AUPR 0.031 (0.353)	Prec@1 87.500 (80.193)
Epoch: [0][300/415]	Loss 9.3906 (10.7625)	F1 0.407 (0.512)	AUROC 0.393 (0.506)	AUPR 0.062 (0.351)	Prec@1 68.750 (79.817)
Epoch: [0][400/415]	Loss 7.3162 (10.7780)	F1 0.484 (0.513)	AUROC 0.500 (0.504)	AUPR 0.531 (0.356)	Prec@1 93.750 (79.941)
Epoch: [0][414/415]	Loss 5.7568 (10.8091)	F1 0.333 (0.513)	AUROC 0.500 (0.504)	AUPR 0.500 (0.356)	Prec@1 50.000 (79.973)
Test: [86/87]	Time 0.050 (0.117)	Loss 0.3294 (0.4235)	F1 1.000 (0.553)	AUROC 0.500 (0.500)	AUPR 0.500 (0.553)	Prec@1 100.000 (89.478)
 * Prec@1 89.478
 * F1 0.553
 * AUROC 0.500
 * AUPR 0.553
Epoch: [1][0/415]	Loss 10.7496 (10.7496)	F1 0.448 (0.448)	AUROC 0.433 (0.433)	AUPR 0.031 (0.031)	Prec@1 81.250 (81.250)
Epoch: [1][100/415]	Loss 4.1579 (9.8479)	F1 1.000 (0.543)	AUROC 0.500 (0.484)	AUPR 0.500 (0.364)	Prec@1 100.000 (83.663)
Epoch: [1][200/415]	Loss 11.7058 (9.5814)	F1 0.385 (0.536)	AUROC 0.385 (0.498)	AUPR 0.094 (0.388)	Prec@1 62.500 (84.733)
Epoch: [1][300/415]	Loss 16.6370 (9.9954)	F1 0.385 (0.523)	AUROC 0.385 (0.497)	AUPR 0.094 (0.388)	Prec@1 62.500 (83.825)
Epoch: [1][400/415]	Loss 4.6274 (9.8575)	F1 1.000 (0.530)	AUROC 0.500 (0.496)	AUPR 0.500 (0.387)	Prec@1 100.000 (83.931)
Epoch: [1][414/415]	Loss 3.1660 (9.8261)	F1 1.000 (0.531)	AUROC 0.500 (0.496)	AUPR 0.500 (0.391)	Prec@1 100.000 (84.168)
Test: [86/87]	Time 0.054 (0.117)	Loss 0.1594 (0.3405)	F1 1.000 (0.571)	AUROC 0.500 (0.500)	AUPR 0.500 (0.553)	Prec@1 100.000 (89.478)
 * Prec@1 89.478
 * F1 0.571
 * AUROC 0.500
 * AUPR 0.553
Epoch: [2][0/415]	Loss 10.1300 (10.1300)	F1 0.467 (0.467)	AUROC 0.467 (0.467)	AUPR 0.031 (0.031)	Prec@1 87.500 (87.500)
Epoch: [2][100/415]	Loss 7.3541 (10.4190)	F1 0.484 (0.495)	AUROC 0.500 (0.501)	AUPR 0.531 (0.387)	Prec@1 93.750 (83.478)
Epoch: [2][200/415]	Loss 3.1274 (9.9073)	F1 1.000 (0.513)	AUROC 0.500 (0.497)	AUPR 0.500 (0.411)	Prec@1 100.000 (85.106)
Epoch: [2][300/415]	Loss 3.8718 (9.7723)	F1 1.000 (0.508)	AUROC 0.500 (0.496)	AUPR 0.500 (0.419)	Prec@1 100.000 (85.486)
Epoch: [2][400/415]	Loss 8.4314 (9.6589)	F1 0.429 (0.517)	AUROC 0.400 (0.498)	AUPR 0.031 (0.422)	Prec@1 75.000 (85.630)
Epoch: [2][414/415]	Loss 2.2295 (9.6450)	F1 1.000 (0.517)	AUROC 0.500 (0.499)	AUPR 0.500 (0.421)	Prec@1 100.000 (85.693)
Test: [86/87]	Time 0.055 (0.118)	Loss 0.1557 (0.3387)	F1 1.000 (0.559)	AUROC 0.500 (0.500)	AUPR 0.500 (0.553)	Prec@1 100.000 (89.478)
 * Prec@1 89.478
 * F1 0.559
 * AUROC 0.500
 * AUPR 0.553
Epoch: [3][0/415]	Loss 11.2621 (11.2621)	F1 0.448 (0.448)	AUROC 0.500 (0.500)	AUPR 0.594 (0.594)	Prec@1 81.250 (81.250)
Epoch: [3][100/415]	Loss 5.2334 (9.0665)	F1 1.000 (0.537)	AUROC 0.500 (0.492)	AUPR 0.500 (0.448)	Prec@1 100.000 (87.562)
Epoch: [3][200/415]	Loss 4.3478 (9.4038)	F1 1.000 (0.533)	AUROC 0.500 (0.497)	AUPR 0.500 (0.457)	Prec@1 100.000 (86.940)
Epoch: [3][300/415]	Loss 10.8679 (9.3204)	F1 0.448 (0.540)	AUROC 0.464 (0.497)	AUPR 0.062 (0.463)	Prec@1 81.250 (87.168)
Epoch: [3][400/415]	Loss 5.2589 (9.5057)	F1 1.000 (0.538)	AUROC 0.500 (0.496)	AUPR 0.500 (0.453)	Prec@1 100.000 (86.502)
Epoch: [3][414/415]	Loss 2.5518 (9.4611)	F1 1.000 (0.539)	AUROC 0.500 (0.496)	AUPR 0.500 (0.455)	Prec@1 100.000 (86.613)
Test: [86/87]	Time 0.162 (0.118)	Loss 0.1599 (0.3460)	F1 1.000 (0.530)	AUROC 0.500 (0.500)	AUPR 0.500 (0.553)	Prec@1 100.000 (89.478)
 * Prec@1 89.478
 * F1 0.530
 * AUROC 0.500
 * AUPR 0.553
Epoch: [4][0/415]	Loss 14.5241 (14.5241)	F1 0.448 (0.448)	AUROC 0.500 (0.500)	AUPR 0.594 (0.594)	Prec@1 81.250 (81.250)
Epoch: [4][100/415]	Loss 10.8543 (10.8237)	F1 0.360 (0.523)	AUROC 0.300 (0.518)	AUPR 0.031 (0.396)	Prec@1 56.250 (82.797)
Epoch: [4][200/415]	Loss 9.9947 (10.7988)	F1 0.484 (0.521)	AUROC 0.500 (0.510)	AUPR 0.531 (0.391)	Prec@1 93.750 (82.649)
Epoch: [4][300/415]	Loss 15.5335 (10.6452)	F1 0.385 (0.530)	AUROC 0.385 (0.506)	AUPR 0.094 (0.398)	Prec@1 62.500 (83.181)
Epoch: [4][400/415]	Loss 11.8717 (10.5946)	F1 0.467 (0.525)	AUROC 0.500 (0.503)	AUPR 0.562 (0.391)	Prec@1 87.500 (83.120)
Epoch: [4][414/415]	Loss 7.6992 (10.6398)	F1 1.000 (0.523)	AUROC 0.500 (0.501)	AUPR 0.500 (0.389)	Prec@1 100.000 (82.765)
Test: [86/87]	Time 0.052 (0.118)	Loss 0.4100 (0.4791)	F1 1.000 (0.565)	AUROC 0.500 (0.500)	AUPR 0.500 (0.553)	Prec@1 100.000 (89.478)
 * Prec@1 89.478
 * F1 0.565
 * AUROC 0.500
 * AUPR 0.553
Epoch: [5][0/415]	Loss 11.3778 (11.3778)	F1 0.714 (0.714)	AUROC 0.667 (0.667)	AUPR 0.729 (0.729)	Prec@1 87.500 (87.500)
Epoch: [5][100/415]	Loss 9.2961 (9.8973)	F1 0.467 (0.519)	AUROC 0.467 (0.505)	AUPR 0.031 (0.425)	Prec@1 87.500 (86.572)
Epoch: [5][200/415]	Loss 8.7228 (10.0561)	F1 0.448 (0.521)	AUROC 0.433 (0.502)	AUPR 0.031 (0.419)	Prec@1 81.250 (85.323)
Epoch: [5][300/415]	Loss 14.8420 (9.9401)	F1 0.429 (0.525)	AUROC 0.500 (0.503)	AUPR 0.625 (0.428)	Prec@1 75.000 (85.527)
Epoch: [5][400/415]	Loss 4.0254 (9.7693)	F1 1.000 (0.532)	AUROC 0.500 (0.502)	AUPR 0.500 (0.434)	Prec@1 100.000 (86.144)
Epoch: [5][414/415]	Loss 7.1257 (9.7184)	F1 0.333 (0.538)	AUROC 0.500 (0.502)	AUPR 0.750 (0.438)	Prec@1 50.000 (86.357)
Test: [86/87]	Time 0.048 (0.116)	Loss 0.2530 (0.3772)	F1 1.000 (0.553)	AUROC 0.500 (0.500)	AUPR 0.500 (0.553)	Prec@1 100.000 (89.478)
 * Prec@1 89.478
 * F1 0.553
 * AUROC 0.500
 * AUPR 0.553
Epoch: [6][0/415]	Loss 13.5434 (13.5434)	F1 0.467 (0.467)	AUROC 0.500 (0.500)	AUPR 0.562 (0.562)	Prec@1 87.500 (87.500)
Epoch: [6][100/415]	Loss 10.7812 (10.3386)	F1 0.448 (0.543)	AUROC 0.464 (0.492)	AUPR 0.062 (0.385)	Prec@1 81.250 (85.272)
Epoch: [6][200/415]	Loss 9.1142 (10.5498)	F1 0.484 (0.541)	AUROC 0.500 (0.493)	AUPR 0.531 (0.394)	Prec@1 93.750 (84.453)
Epoch: [6][300/415]	Loss 10.6553 (10.4802)	F1 0.467 (0.529)	AUROC 0.500 (0.490)	AUPR 0.562 (0.390)	Prec@1 87.500 (84.095)
Epoch: [6][400/415]	Loss 7.3165 (10.4981)	F1 1.000 (0.528)	AUROC 0.500 (0.497)	AUPR 0.500 (0.388)	Prec@1 100.000 (84.087)
Epoch: [6][414/415]	Loss 5.3873 (10.4750)	F1 1.000 (0.530)	AUROC 0.500 (0.496)	AUPR 0.500 (0.389)	Prec@1 100.000 (84.199)
Test: [86/87]	Time 0.049 (0.120)	Loss 0.3016 (0.3857)	F1 1.000 (0.565)	AUROC 0.500 (0.500)	AUPR 0.500 (0.553)	Prec@1 100.000 (89.478)
 * Prec@1 89.478
 * F1 0.565
 * AUROC 0.500
 * AUPR 0.553
Epoch: [7][0/415]	Loss 10.7030 (10.7030)	F1 0.429 (0.429)	AUROC 0.500 (0.500)	AUPR 0.625 (0.625)	Prec@1 75.000 (75.000)
Epoch: [7][100/415]	Loss 7.3041 (8.0217)	F1 0.484 (0.555)	AUROC 0.500 (0.501)	AUPR 0.531 (0.543)	Prec@1 93.750 (89.728)
Epoch: [7][200/415]	Loss 9.6444 (8.3200)	F1 0.467 (0.539)	AUROC 0.500 (0.503)	AUPR 0.562 (0.535)	Prec@1 87.500 (89.024)
Epoch: [7][300/415]	Loss 8.9876 (8.1941)	F1 0.467 (0.543)	AUROC 0.500 (0.504)	AUPR 0.562 (0.538)	Prec@1 87.500 (89.182)
Epoch: [7][400/415]	Loss 14.4548 (8.2651)	F1 0.448 (0.539)	AUROC 0.500 (0.503)	AUPR 0.594 (0.540)	Prec@1 81.250 (89.027)
Epoch: [7][414/415]	Loss 1.3903 (8.2153)	F1 1.000 (0.543)	AUROC 0.500 (0.503)	AUPR 0.500 (0.540)	Prec@1 100.000 (89.164)
Test: [86/87]	Time 0.048 (0.116)	Loss 0.0849 (0.3395)	F1 1.000 (0.548)	AUROC 0.500 (0.500)	AUPR 0.500 (0.553)	Prec@1 100.000 (89.478)
 * Prec@1 89.478
 * F1 0.548
 * AUROC 0.500
 * AUPR 0.553
Epoch: [8][0/415]	Loss 2.9497 (2.9497)	F1 1.000 (1.000)	AUROC 0.500 (0.500)	AUPR 0.500 (0.500)	Prec@1 100.000 (100.000)
Epoch: [8][100/415]	Loss 5.7433 (8.6716)	F1 0.484 (0.565)	AUROC 0.500 (0.502)	AUPR 0.531 (0.542)	Prec@1 93.750 (89.975)
Epoch: [8][200/415]	Loss 13.0590 (8.7899)	F1 0.429 (0.560)	AUROC 0.500 (0.504)	AUPR 0.625 (0.539)	Prec@1 75.000 (89.552)
Epoch: [8][300/415]	Loss 9.2340 (8.7539)	F1 0.467 (0.563)	AUROC 0.500 (0.502)	AUPR 0.562 (0.535)	Prec@1 87.500 (89.535)
Epoch: [8][400/415]	Loss 14.7682 (8.9050)	F1 0.429 (0.557)	AUROC 0.500 (0.502)	AUPR 0.625 (0.533)	Prec@1 75.000 (89.043)
Epoch: [8][414/415]	Loss 6.9580 (8.9469)	F1 0.333 (0.555)	AUROC 0.500 (0.503)	AUPR 0.750 (0.532)	Prec@1 50.000 (88.907)
Test: [86/87]	Time 0.046 (0.118)	Loss 0.2300 (0.3607)	F1 1.000 (0.519)	AUROC 0.500 (0.500)	AUPR 0.500 (0.553)	Prec@1 100.000 (89.478)
 * Prec@1 89.478
 * F1 0.519
 * AUROC 0.500
 * AUPR 0.553
Epoch: [9][0/415]	Loss 5.8930 (5.8930)	F1 0.484 (0.484)	AUROC 0.500 (0.500)	AUPR 0.531 (0.531)	Prec@1 93.750 (93.750)
Epoch: [9][100/415]	Loss 10.1567 (8.4543)	F1 0.467 (0.543)	AUROC 0.500 (0.498)	AUPR 0.562 (0.535)	Prec@1 87.500 (88.676)
Epoch: [9][200/415]	Loss 10.5985 (8.3835)	F1 0.467 (0.544)	AUROC 0.500 (0.498)	AUPR 0.562 (0.534)	Prec@1 87.500 (88.464)
Epoch: [9][300/415]	Loss 5.6077 (8.2829)	F1 0.484 (0.548)	AUROC 0.500 (0.498)	AUPR 0.531 (0.534)	Prec@1 93.750 (88.663)
Epoch: [9][400/415]	Loss 11.2733 (8.1538)	F1 0.448 (0.550)	AUROC 0.500 (0.498)	AUPR 0.594 (0.534)	Prec@1 81.250 (88.965)
Epoch: [9][414/415]	Loss 1.1880 (8.1046)	F1 1.000 (0.553)	AUROC 0.500 (0.499)	AUPR 0.500 (0.534)	Prec@1 100.000 (89.073)
Test: [86/87]	Time 0.053 (0.116)	Loss 0.0816 (0.3394)	F1 1.000 (0.519)	AUROC 0.500 (0.500)	AUPR 0.500 (0.553)	Prec@1 100.000 (89.478)
 * Prec@1 89.478
 * F1 0.519
 * AUROC 0.500
 * AUPR 0.553
Epoch: [10][0/415]	Loss 6.1424 (6.1424)	F1 0.484 (0.484)	AUROC 0.500 (0.500)	AUPR 0.531 (0.531)	Prec@1 93.750 (93.750)
Epoch: [10][100/415]	Loss 6.7844 (8.5344)	F1 0.484 (0.518)	AUROC 0.500 (0.498)	AUPR 0.531 (0.512)	Prec@1 93.750 (89.542)
Epoch: [10][200/415]	Loss 10.8486 (8.8465)	F1 0.448 (0.526)	AUROC 0.500 (0.500)	AUPR 0.594 (0.516)	Prec@1 81.250 (88.340)
Epoch: [10][300/415]	Loss 15.3095 (8.8635)	F1 0.429 (0.530)	AUROC 0.500 (0.499)	AUPR 0.625 (0.516)	Prec@1 75.000 (88.517)
Epoch: [10][400/415]	Loss 4.7570 (8.8287)	F1 1.000 (0.538)	AUROC 0.500 (0.499)	AUPR 0.500 (0.520)	Prec@1 100.000 (88.622)
Epoch: [10][414/415]	Loss 3.9670 (8.8811)	F1 1.000 (0.536)	AUROC 0.500 (0.499)	AUPR 0.500 (0.519)	Prec@1 100.000 (88.500)
Test: [86/87]	Time 0.054 (0.118)	Loss 0.3039 (0.4084)	F1 1.000 (0.513)	AUROC 0.500 (0.500)	AUPR 0.500 (0.553)	Prec@1 100.000 (89.478)
 * Prec@1 89.478
 * F1 0.513
 * AUROC 0.500
 * AUPR 0.553
Epoch: [11][0/415]	Loss 12.9044 (12.9044)	F1 0.429 (0.429)	AUROC 0.462 (0.462)	AUPR 0.094 (0.094)	Prec@1 75.000 (75.000)
Epoch: [11][100/415]	Loss 6.7690 (8.8562)	F1 0.484 (0.536)	AUROC 0.500 (0.499)	AUPR 0.531 (0.531)	Prec@1 93.750 (89.418)
Epoch: [11][200/415]	Loss 12.6613 (8.7527)	F1 0.448 (0.542)	AUROC 0.500 (0.501)	AUPR 0.594 (0.524)	Prec@1 81.250 (89.490)
Epoch: [11][300/415]	Loss 8.3311 (8.8688)	F1 0.467 (0.547)	AUROC 0.500 (0.501)	AUPR 0.562 (0.528)	Prec@1 87.500 (89.161)
Epoch: [11][400/415]	Loss 12.3318 (8.9693)	F1 0.429 (0.546)	AUROC 0.500 (0.501)	AUPR 0.625 (0.526)	Prec@1 75.000 (88.809)
Epoch: [11][414/415]	Loss 3.2025 (8.9746)	F1 1.000 (0.547)	AUROC 0.500 (0.501)	AUPR 0.500 (0.527)	Prec@1 100.000 (88.817)
Test: [86/87]	Time 0.054 (0.117)	Loss 0.1705 (0.3473)	F1 1.000 (0.565)	AUROC 0.500 (0.500)	AUPR 0.500 (0.553)	Prec@1 100.000 (89.478)
 * Prec@1 89.478
 * F1 0.565
 * AUROC 0.500
 * AUPR 0.553
Epoch: [12][0/415]	Loss 5.4619 (5.4619)	F1 0.484 (0.484)	AUROC 0.500 (0.500)	AUPR 0.531 (0.531)	Prec@1 93.750 (93.750)
Epoch: [12][100/415]	Loss 8.1223 (9.3494)	F1 0.714 (0.559)	AUROC 0.714 (0.503)	AUPR 0.531 (0.535)	Prec@1 87.500 (87.809)
Epoch: [12][200/415]	Loss 6.2596 (9.1266)	F1 0.484 (0.549)	AUROC 0.500 (0.501)	AUPR 0.531 (0.528)	Prec@1 93.750 (88.153)
Epoch: [12][300/415]	Loss 6.3880 (9.0509)	F1 0.484 (0.555)	AUROC 0.500 (0.501)	AUPR 0.531 (0.534)	Prec@1 93.750 (88.621)
Epoch: [12][400/415]	Loss 11.4367 (8.9251)	F1 0.467 (0.556)	AUROC 0.500 (0.501)	AUPR 0.562 (0.534)	Prec@1 87.500 (88.809)
Epoch: [12][414/415]	Loss 3.2531 (8.9124)	F1 1.000 (0.554)	AUROC 0.500 (0.501)	AUPR 0.500 (0.534)	Prec@1 100.000 (88.832)
Test: [86/87]	Time 0.049 (0.118)	Loss 0.1440 (0.3423)	F1 1.000 (0.577)	AUROC 0.500 (0.500)	AUPR 0.500 (0.553)	Prec@1 100.000 (89.478)
 * Prec@1 89.478
 * F1 0.577
 * AUROC 0.500
 * AUPR 0.553
Epoch: [13][0/415]	Loss 8.1440 (8.1440)	F1 0.484 (0.484)	AUROC 0.500 (0.500)	AUPR 0.531 (0.531)	Prec@1 93.750 (93.750)
Epoch: [13][100/415]	Loss 13.3719 (9.1138)	F1 0.448 (0.559)	AUROC 0.500 (0.498)	AUPR 0.594 (0.526)	Prec@1 81.250 (88.552)
Epoch: [13][200/415]	Loss 13.7645 (8.9965)	F1 0.429 (0.559)	AUROC 0.500 (0.505)	AUPR 0.625 (0.538)	Prec@1 75.000 (88.899)
Epoch: [13][300/415]	Loss 7.6236 (8.9561)	F1 0.484 (0.548)	AUROC 0.500 (0.503)	AUPR 0.531 (0.533)	Prec@1 93.750 (88.642)
Epoch: [13][400/415]	Loss 9.7363 (8.8973)	F1 0.448 (0.553)	AUROC 0.500 (0.503)	AUPR 0.594 (0.532)	Prec@1 81.250 (88.887)
Epoch: [13][414/415]	Loss 4.0211 (8.9349)	F1 1.000 (0.551)	AUROC 0.500 (0.503)	AUPR 0.500 (0.531)	Prec@1 100.000 (88.772)
Test: [86/87]	Time 0.050 (0.118)	Loss 0.2427 (0.3725)	F1 1.000 (0.542)	AUROC 0.500 (0.500)	AUPR 0.500 (0.553)	Prec@1 100.000 (89.478)
 * Prec@1 89.478
 * F1 0.542
 * AUROC 0.500
 * AUPR 0.553
Best accuracy:  89.47750362844702 Corresponding F1:  0.5533591617355067 Corresponding AUROC:  0.5 Corresponding AUPR:  0.5526124818577649
