dataset=mimic
cost=combined
meta_set=whole
batch_size=16
num_classes=2
num_meta=10
imb_factor=0.005
epochs=14
lr=2e-05
momentum=0.9
nesterov=True
weight_decay=0.0005
no_cuda=False
print_freq=100
gpu=0
save_name=OT_ARF12_imb0.005
idx=ours
model=Bert
seed=42
train data size:  6626
validation data size:  1389
test data size:  1378
train batches=  415  batches
validation batches=  87  batches
test batches=  87  batches
Numper of samples per class:  [5924, 702]
slurmstepd-gpu-01: error: *** STEP 116252.0 ON gpu-01 CANCELLED AT 2023-02-20T14:28:28 ***
