wandb: Currently logged in as: mai-cs. Use `wandb login --relogin` to force relogin
dataset=mimic
cost=combined
meta_set=whole
batch_size=40
num_classes=2
num_meta=10
imb_factor=0.08
epochs=50
start_epoch=0
lr=0.1
cos=False
schedule=[30, 45]
warmup_epochs=0
momentum=0.9
nesterov=True
weight_decay=0.0005
no_cuda=False
print_freq=100
gpu=0
save_name=OT_ARF12
idx=ours
model=MBertLstm
seed=42
resume=
20 20
Numper of samples per class:  [5924, 702]
Imbalance factor:  0.08438746438746439
train data size:  6626
meta data size:  20
test data size:  1378
train batches=  166  batches
meta batches=  1  batches
test batches=  35  batches
wandb: Currently logged in as: mai-cs (abr-ehr). Use `wandb login --relogin` to force relogin
wandb: wandb version 0.14.0 is available!  To upgrade, please run:
wandb:  $ pip install wandb --upgrade
wandb: Tracking run with wandb version 0.13.9
wandb: Run data is saved locally in /home/mai.kassem/sources/abr-ehr/OT/wandb/run-20230330_170811-4krnsdtf
wandb: Run `wandb offline` to turn off syncing.
wandb: Syncing run exp_fpymeai6_MBertLstm_40
wandb: ⭐️ View project at https://wandb.ai/abr-ehr/OT_ARF12
wandb: 🚀 View run at https://wandb.ai/abr-ehr/OT_ARF12/runs/4krnsdtf
(20, 12, 5132)
meta_class_counts:  [10, 10]
Overall lr:  0.1
(array([0, 1]), array([10, 10]))
Epoch: [0][0/166]	Loss 389.3061 (389.3061)	F1 0.324 (0.324)	AUROC 0.468 (0.468)	AUPR 0.068 (0.068)	Prec@1 0.375 (0.375)
Epoch: [0][100/166]	Loss 703360.3125 (840393.2872)	F1 0.400 (0.382)	AUROC 0.450 (0.503)	AUPR 0.221 (0.345)	Prec@1 0.550 (0.515)
Epoch: [0][165/166]	Loss 712348.1250 (903664.0365)	F1 0.505 (0.387)	AUROC 0.536 (0.498)	AUPR 0.277 (0.333)	Prec@1 0.692 (0.515)
Test: [34/35]	Time 0.103 (0.220)	Loss 98.9728 (112.8722)	F1 0.419 (0.510)	AUROC 0.344 (0.539)	AUPR 0.056 (0.237)	Prec@1 0.722 (0.747)
 * Prec@1 0.747
 * F1 0.510
 * AUROC 0.539
 * AUPR 0.237
Overall lr:  0.1
(array([0, 1]), array([10, 10]))
Epoch: [1][0/166]	Loss 1222365.8750 (1222365.8750)	F1 0.259 (0.259)	AUROC 0.189 (0.189)	AUPR 0.037 (0.037)	Prec@1 0.350 (0.350)
Epoch: [1][100/166]	Loss 1680623.1250 (911005.6621)	F1 0.331 (0.405)	AUROC 0.314 (0.497)	AUPR 0.174 (0.309)	Prec@1 0.425 (0.530)
Epoch: [1][165/166]	Loss 627364.3125 (919159.8522)	F1 0.304 (0.408)	AUROC 0.609 (0.503)	AUPR 0.571 (0.322)	Prec@1 0.308 (0.529)
Test: [34/35]	Time 0.103 (0.227)	Loss 3015.9309 (2256.1685)	F1 0.000 (0.095)	AUROC 0.500 (0.500)	AUPR 0.500 (0.553)	Prec@1 0.000 (0.106)
 * Prec@1 0.106
 * F1 0.095
 * AUROC 0.500
 * AUPR 0.553
Overall lr:  0.1
(array([0, 1]), array([10, 10]))
Epoch: [2][0/166]	Loss 1207638.6250 (1207638.6250)	F1 0.289 (0.289)	AUROC 0.403 (0.403)	AUPR 0.312 (0.312)	Prec@1 0.325 (0.325)
Epoch: [2][100/166]	Loss 804148.9375 (997067.0684)	F1 0.375 (0.401)	AUROC 0.667 (0.515)	AUPR 0.571 (0.337)	Prec@1 0.400 (0.520)
Epoch: [2][165/166]	Loss 204549.7656 (985252.5009)	F1 0.409 (0.393)	AUROC 0.500 (0.505)	AUPR 0.500 (0.338)	Prec@1 0.692 (0.504)
Test: [34/35]	Time 0.103 (0.221)	Loss 1036.7086 (742.3797)	F1 0.455 (0.486)	AUROC 0.500 (0.500)	AUPR 0.583 (0.553)	Prec@1 0.833 (0.895)
 * Prec@1 0.895
 * F1 0.486
 * AUROC 0.500
 * AUPR 0.553
Overall lr:  0.1
(array([0, 1]), array([10, 10]))
Epoch: [3][0/166]	Loss 1288122.3750 (1288122.3750)	F1 0.526 (0.526)	AUROC 0.542 (0.542)	AUPR 0.234 (0.234)	Prec@1 0.775 (0.775)
Epoch: [3][100/166]	Loss 528071.7500 (1008018.6942)	F1 0.467 (0.388)	AUROC 0.631 (0.491)	AUPR 0.405 (0.310)	Prec@1 0.600 (0.505)
Epoch: [3][165/166]	Loss 724740.5000 (1023293.1748)	F1 0.191 (0.389)	AUROC 0.543 (0.498)	AUPR 0.562 (0.331)	Prec@1 0.192 (0.498)
Test: [34/35]	Time 0.094 (0.222)	Loss 5737.6523 (5975.9766)	F1 0.143 (0.093)	AUROC 0.500 (0.500)	AUPR 0.583 (0.553)	Prec@1 0.167 (0.105)
 * Prec@1 0.105
 * F1 0.093
 * AUROC 0.500
 * AUPR 0.553
Overall lr:  0.1
(array([0, 1]), array([10, 10]))
Epoch: [4][0/166]	Loss 1035373.8125 (1035373.8125)	F1 0.252 (0.252)	AUROC 0.618 (0.618)	AUPR 0.532 (0.532)	Prec@1 0.275 (0.275)
Epoch: [4][100/166]	Loss 536459.0000 (1017495.2664)	F1 0.533 (0.390)	AUROC 0.629 (0.506)	AUPR 0.425 (0.346)	Prec@1 0.650 (0.490)
Epoch: [4][165/166]	Loss 355906.1875 (1016092.7499)	F1 0.316 (0.389)	AUROC 0.220 (0.511)	AUPR 0.019 (0.350)	Prec@1 0.462 (0.490)
Test: [34/35]	Time 0.093 (0.218)	Loss 105.5070 (223.4562)	F1 0.438 (0.478)	AUROC 0.500 (0.527)	AUPR 0.500 (0.261)	Prec@1 0.778 (0.657)
 * Prec@1 0.657
 * F1 0.478
 * AUROC 0.527
 * AUPR 0.261
Overall lr:  0.1
(array([0, 1]), array([10, 10]))
Epoch: [5][0/166]	Loss 535176.5000 (535176.5000)	F1 0.520 (0.520)	AUROC 0.671 (0.671)	AUPR 0.572 (0.572)	Prec@1 0.550 (0.550)
Epoch: [5][100/166]	Loss 963336.6250 (1007629.2850)	F1 0.498 (0.402)	AUROC 0.600 (0.530)	AUPR 0.413 (0.359)	Prec@1 0.600 (0.515)
Epoch: [5][165/166]	Loss 1077258.8750 (1042513.8581)	F1 0.154 (0.392)	AUROC 0.542 (0.521)	AUPR 0.542 (0.356)	Prec@1 0.154 (0.500)
Test: [34/35]	Time 0.098 (0.222)	Loss 4400.8271 (4281.3296)	F1 0.100 (0.094)	AUROC 0.500 (0.500)	AUPR 0.556 (0.553)	Prec@1 0.111 (0.105)
 * Prec@1 0.105
 * F1 0.094
 * AUROC 0.500
 * AUPR 0.553
Overall lr:  0.1
(array([0, 1]), array([10, 10]))
Epoch: [6][0/166]	Loss 667109.8750 (667109.8750)	F1 0.467 (0.467)	AUROC 0.637 (0.637)	AUPR 0.533 (0.533)	Prec@1 0.500 (0.500)
Epoch: [6][100/166]	Loss 2316164.2500 (1148397.8521)	F1 0.024 (0.362)	AUROC 0.013 (0.472)	AUPR 0.013 (0.325)	Prec@1 0.025 (0.462)
Epoch: [6][165/166]	Loss 1074547.5000 (1160814.9396)	F1 0.337 (0.372)	AUROC 0.511 (0.489)	AUPR 0.473 (0.341)	Prec@1 0.346 (0.471)
Test: [34/35]	Time 0.101 (0.222)	Loss 2768.2610 (2751.5854)	F1 0.000 (0.094)	AUROC 0.500 (0.500)	AUPR 0.500 (0.553)	Prec@1 0.000 (0.105)
 * Prec@1 0.105
 * F1 0.094
 * AUROC 0.500
 * AUPR 0.553
Overall lr:  0.1
(array([0, 1]), array([10, 10]))
Epoch: [7][0/166]	Loss 1481018.3750 (1481018.3750)	F1 0.263 (0.263)	AUROC 0.335 (0.335)	AUPR 0.318 (0.318)	Prec@1 0.275 (0.275)
Epoch: [7][100/166]	Loss 383874.6875 (1142439.3260)	F1 0.464 (0.371)	AUROC 0.757 (0.500)	AUPR 0.571 (0.354)	Prec@1 0.550 (0.464)
Epoch: [7][165/166]	Loss 1880036.8750 (1096418.6176)	F1 0.212 (0.379)	AUROC 0.354 (0.497)	AUPR 0.294 (0.350)	Prec@1 0.231 (0.475)
Test: [34/35]	Time 0.098 (0.221)	Loss 7643.1060 (7724.8154)	F1 0.100 (0.093)	AUROC 0.500 (0.500)	AUPR 0.556 (0.553)	Prec@1 0.111 (0.105)
 * Prec@1 0.105
 * F1 0.093
 * AUROC 0.500
 * AUPR 0.553
Overall lr:  0.1
(array([0, 1]), array([10, 10]))
Epoch: [8][0/166]	Loss 1445248.1250 (1445248.1250)	F1 0.198 (0.198)	AUROC 0.444 (0.444)	AUPR 0.432 (0.432)	Prec@1 0.200 (0.200)
Epoch: [8][100/166]	Loss 756595.1250 (1084227.0484)	F1 0.387 (0.368)	AUROC 0.423 (0.494)	AUPR 0.218 (0.345)	Prec@1 0.525 (0.455)
Epoch: [8][165/166]	Loss 522993.4375 (1117775.0753)	F1 0.337 (0.364)	AUROC 0.511 (0.492)	AUPR 0.473 (0.348)	Prec@1 0.346 (0.453)
Test: [34/35]	Time 0.095 (0.222)	Loss 1274.7034 (1326.1117)	F1 0.222 (0.144)	AUROC 0.389 (0.508)	AUPR 0.426 (0.536)	Prec@1 0.222 (0.149)
 * Prec@1 0.149
 * F1 0.144
 * AUROC 0.508
 * AUPR 0.536
Overall lr:  0.1
(array([0, 1]), array([10, 10]))
Epoch: [9][0/166]	Loss 646486.7500 (646486.7500)	F1 0.273 (0.273)	AUROC 0.500 (0.500)	AUPR 0.500 (0.500)	Prec@1 0.375 (0.375)
Epoch: [9][100/166]	Loss 1088600.2500 (1079121.4565)	F1 0.525 (0.367)	AUROC 0.588 (0.496)	AUPR 0.479 (0.349)	Prec@1 0.575 (0.454)
Epoch: [9][165/166]	Loss 380843.6562 (1049646.3339)	F1 0.295 (0.379)	AUROC 0.660 (0.508)	AUPR 0.528 (0.359)	Prec@1 0.346 (0.466)
Test: [34/35]	Time 0.105 (0.220)	Loss 409.9983 (355.4727)	F1 0.471 (0.472)	AUROC 0.500 (0.500)	AUPR 0.556 (0.553)	Prec@1 0.889 (0.895)
 * Prec@1 0.895
 * F1 0.472
 * AUROC 0.500
 * AUPR 0.553
Overall lr:  0.1
(array([0, 1]), array([10, 10]))
Epoch: [10][0/166]	Loss 927236.8750 (927236.8750)	F1 0.580 (0.580)	AUROC 0.634 (0.634)	AUPR 0.466 (0.466)	Prec@1 0.675 (0.675)
Epoch: [10][100/166]	Loss 850034.6250 (1048339.9842)	F1 0.447 (0.378)	AUROC 0.625 (0.511)	AUPR 0.459 (0.362)	Prec@1 0.525 (0.471)
Epoch: [10][165/166]	Loss 754228.4375 (1091506.1975)	F1 0.530 (0.369)	AUROC 0.625 (0.500)	AUPR 0.341 (0.352)	Prec@1 0.731 (0.459)
Test: [34/35]	Time 0.104 (0.226)	Loss 0.0000 (622.8726)	F1 1.000 (0.478)	AUROC 0.500 (0.500)	AUPR 0.500 (0.553)	Prec@1 1.000 (0.895)
 * Prec@1 0.895
 * F1 0.478
 * AUROC 0.500
 * AUPR 0.553
Overall lr:  0.1
(array([0, 1]), array([10, 10]))
Epoch: [11][0/166]	Loss 1668572.8750 (1668572.8750)	F1 0.467 (0.467)	AUROC 0.471 (0.471)	AUPR 0.200 (0.200)	Prec@1 0.675 (0.675)
Epoch: [11][100/166]	Loss 964097.0000 (1105374.1089)	F1 0.343 (0.372)	AUROC 0.510 (0.513)	AUPR 0.435 (0.370)	Prec@1 0.350 (0.458)
Epoch: [11][165/166]	Loss 103148.5234 (1039420.9914)	F1 0.675 (0.381)	AUROC 0.870 (0.514)	AUPR 0.667 (0.364)	Prec@1 0.769 (0.469)
Test: [34/35]	Time 0.099 (0.227)	Loss 217.3142 (457.7125)	F1 0.486 (0.472)	AUROC 0.500 (0.500)	AUPR 0.528 (0.553)	Prec@1 0.944 (0.895)
 * Prec@1 0.895
 * F1 0.472
 * AUROC 0.500
 * AUPR 0.553
Overall lr:  0.1
(array([0, 1]), array([10, 10]))
Epoch: [12][0/166]	Loss 1345381.1250 (1345381.1250)	F1 0.365 (0.365)	AUROC 0.303 (0.303)	AUPR 0.025 (0.025)	Prec@1 0.575 (0.575)
Epoch: [12][100/166]	Loss 749124.8125 (981380.7556)	F1 0.510 (0.398)	AUROC 0.559 (0.530)	AUPR 0.247 (0.382)	Prec@1 0.750 (0.482)
Epoch: [12][165/166]	Loss 683497.3125 (998628.9734)	F1 0.308 (0.384)	AUROC 0.495 (0.514)	AUPR 0.514 (0.367)	Prec@1 0.308 (0.470)
Test: [34/35]	Time 0.099 (0.222)	Loss 5405.3486 (4998.2827)	F1 0.000 (0.094)	AUROC 0.500 (0.500)	AUPR 0.500 (0.553)	Prec@1 0.000 (0.105)
 * Prec@1 0.105
 * F1 0.094
 * AUROC 0.500
 * AUPR 0.553
Overall lr:  0.1
(array([0, 1]), array([10, 10]))
Epoch: [13][0/166]	Loss 2313207.5000 (2313207.5000)	F1 0.321 (0.321)	AUROC 0.432 (0.432)	AUPR 0.435 (0.435)	Prec@1 0.325 (0.325)
Epoch: [13][100/166]	Loss 1211524.3750 (1038485.3933)	F1 0.412 (0.383)	AUROC 0.486 (0.516)	AUPR 0.093 (0.371)	Prec@1 0.700 (0.467)
Epoch: [13][165/166]	Loss 1550002.6250 (1005090.8927)	F1 0.409 (0.388)	AUROC 0.409 (0.517)	AUPR 0.077 (0.370)	Prec@1 0.692 (0.477)
Test: [34/35]	Time 0.098 (0.221)	Loss 2069.7415 (1843.8967)	F1 0.053 (0.102)	AUROC 0.500 (0.503)	AUPR 0.528 (0.553)	Prec@1 0.056 (0.113)
 * Prec@1 0.113
 * F1 0.102
 * AUROC 0.503
 * AUPR 0.553
Overall lr:  0.1
(array([0, 1]), array([10, 10]))
Epoch: [14][0/166]	Loss 1220950.7500 (1220950.7500)	F1 0.394 (0.394)	AUROC 0.483 (0.483)	AUPR 0.407 (0.407)	Prec@1 0.425 (0.425)
Epoch: [14][100/166]	Loss 966845.5000 (1048962.3281)	F1 0.413 (0.377)	AUROC 0.392 (0.506)	AUPR 0.182 (0.361)	Prec@1 0.575 (0.468)
Epoch: [14][165/166]	Loss 397312.5000 (1046467.4152)	F1 0.672 (0.374)	AUROC 0.752 (0.507)	AUPR 0.616 (0.366)	Prec@1 0.731 (0.458)
Test: [34/35]	Time 0.093 (0.221)	Loss 0.0000 (667.0471)	F1 1.000 (0.493)	AUROC 0.500 (0.500)	AUPR 0.500 (0.553)	Prec@1 1.000 (0.895)
 * Prec@1 0.895
 * F1 0.493
 * AUROC 0.500
 * AUPR 0.553
Overall lr:  0.1
(array([0, 1]), array([10, 10]))
Epoch: [15][0/166]	Loss 1565848.5000 (1565848.5000)	F1 0.437 (0.437)	AUROC 0.431 (0.431)	AUPR 0.050 (0.050)	Prec@1 0.775 (0.775)
Epoch: [15][100/166]	Loss 1148095.8750 (1110608.2681)	F1 0.182 (0.363)	AUROC 0.590 (0.504)	AUPR 0.515 (0.367)	Prec@1 0.200 (0.448)
Epoch: [15][165/166]	Loss 1067947.8750 (1097382.0018)	F1 0.337 (0.369)	AUROC 0.528 (0.503)	AUPR 0.476 (0.359)	Prec@1 0.346 (0.458)
Test: [34/35]	Time 0.107 (0.220)	Loss 5714.7168 (4808.3271)	F1 0.000 (0.094)	AUROC 0.500 (0.500)	AUPR 0.500 (0.553)	Prec@1 0.000 (0.105)
 * Prec@1 0.105
 * F1 0.094
 * AUROC 0.500
 * AUPR 0.553
Overall lr:  0.1
(array([0, 1]), array([10, 10]))
Epoch: [16][0/166]	Loss 1257488.5000 (1257488.5000)	F1 0.301 (0.301)	AUROC 0.360 (0.360)	AUPR 0.213 (0.213)	Prec@1 0.375 (0.375)
Epoch: [16][100/166]	Loss 922846.1250 (1053402.5789)	F1 0.360 (0.385)	AUROC 0.486 (0.517)	AUPR 0.385 (0.377)	Prec@1 0.400 (0.470)
Epoch: [16][165/166]	Loss 711681.8750 (1066429.3508)	F1 0.458 (0.372)	AUROC 0.486 (0.506)	AUPR 0.349 (0.369)	Prec@1 0.538 (0.457)
Test: [34/35]	Time 0.107 (0.224)	Loss 4272.4189 (3839.8005)	F1 0.000 (0.093)	AUROC 0.500 (0.500)	AUPR 0.500 (0.553)	Prec@1 0.000 (0.105)
 * Prec@1 0.105
 * F1 0.093
 * AUROC 0.500
 * AUPR 0.553
Overall lr:  0.1
(array([0, 1]), array([10, 10]))
Epoch: [17][0/166]	Loss 955786.7500 (955786.7500)	F1 0.314 (0.314)	AUROC 0.625 (0.625)	AUPR 0.565 (0.565)	Prec@1 0.325 (0.325)
Epoch: [17][100/166]	Loss 683143.0625 (993819.5760)	F1 0.570 (0.380)	AUROC 0.657 (0.510)	AUPR 0.440 (0.361)	Prec@1 0.700 (0.467)
Epoch: [17][165/166]	Loss 1077877.2500 (994880.6973)	F1 0.368 (0.379)	AUROC 0.375 (0.510)	AUPR 0.224 (0.363)	Prec@1 0.462 (0.464)
Test: [34/35]	Time 0.102 (0.220)	Loss 3602.1768 (3522.0454)	F1 0.100 (0.094)	AUROC 0.500 (0.500)	AUPR 0.556 (0.553)	Prec@1 0.111 (0.105)
 * Prec@1 0.105
 * F1 0.094
 * AUROC 0.500
 * AUPR 0.553
Overall lr:  0.1
(array([0, 1]), array([10, 10]))
Epoch: [18][0/166]	Loss 1168509.0000 (1168509.0000)	F1 0.323 (0.323)	AUROC 0.457 (0.457)	AUPR 0.381 (0.381)	Prec@1 0.350 (0.350)
Epoch: [18][100/166]	Loss 1355877.2500 (1045860.5303)	F1 0.420 (0.368)	AUROC 0.471 (0.495)	AUPR 0.293 (0.351)	Prec@1 0.525 (0.453)
Epoch: [18][165/166]	Loss 1969642.2500 (1074491.5455)	F1 0.368 (0.366)	AUROC 0.367 (0.499)	AUPR 0.223 (0.361)	Prec@1 0.462 (0.449)
Test: [34/35]	Time 0.104 (0.223)	Loss 8047.3438 (8080.8672)	F1 0.100 (0.093)	AUROC 0.500 (0.500)	AUPR 0.556 (0.553)	Prec@1 0.111 (0.105)
 * Prec@1 0.105
 * F1 0.093
 * AUROC 0.500
 * AUPR 0.553
Overall lr:  0.1
(array([0, 1]), array([10, 10]))
Epoch: [19][0/166]	Loss 1373509.2500 (1373509.2500)	F1 0.182 (0.182)	AUROC 0.590 (0.590)	AUPR 0.515 (0.515)	Prec@1 0.200 (0.200)
Epoch: [19][100/166]	Loss 2016042.8750 (986915.7596)	F1 0.298 (0.385)	AUROC 0.236 (0.525)	AUPR 0.050 (0.375)	Prec@1 0.425 (0.471)
Epoch: [19][165/166]	Loss 472732.0625 (1047785.4343)	F1 0.350 (0.371)	AUROC 0.292 (0.508)	AUPR 0.038 (0.367)	Prec@1 0.538 (0.454)
Test: [34/35]	Time 0.102 (0.223)	Loss 3232.4822 (3232.9619)	F1 0.053 (0.094)	AUROC 0.500 (0.500)	AUPR 0.528 (0.553)	Prec@1 0.056 (0.105)
 * Prec@1 0.105
 * F1 0.094
 * AUROC 0.500
 * AUPR 0.553
Overall lr:  0.1
(array([0, 1]), array([10, 10]))
Epoch: [20][0/166]	Loss 1328602.1250 (1328602.1250)	F1 0.271 (0.271)	AUROC 0.389 (0.389)	AUPR 0.311 (0.311)	Prec@1 0.300 (0.300)
Epoch: [20][100/166]	Loss 845311.5000 (1013651.4033)	F1 0.321 (0.384)	AUROC 0.614 (0.524)	AUPR 0.578 (0.386)	Prec@1 0.325 (0.465)
Epoch: [20][165/166]	Loss 712659.8125 (1036382.9034)	F1 0.391 (0.377)	AUROC 0.490 (0.519)	AUPR 0.306 (0.375)	Prec@1 0.500 (0.463)
Test: [34/35]	Time 0.104 (0.220)	Loss 2432.8398 (2496.6748)	F1 0.100 (0.094)	AUROC 0.500 (0.500)	AUPR 0.556 (0.553)	Prec@1 0.111 (0.105)
 * Prec@1 0.105
 * F1 0.094
 * AUROC 0.500
 * AUPR 0.553
Overall lr:  0.1
(array([0, 1]), array([10, 10]))
Epoch: [21][0/166]	Loss 1730375.7500 (1730375.7500)	F1 0.271 (0.271)	AUROC 0.389 (0.389)	AUPR 0.311 (0.311)	Prec@1 0.300 (0.300)
Epoch: [21][100/166]	Loss 1298736.8750 (1030119.4500)	F1 0.375 (0.376)	AUROC 0.343 (0.523)	AUPR 0.062 (0.381)	Prec@1 0.600 (0.460)
Epoch: [21][165/166]	Loss 1062179.5000 (1035580.1388)	F1 0.259 (0.374)	AUROC 0.548 (0.520)	AUPR 0.604 (0.375)	Prec@1 0.269 (0.462)
Test: [34/35]	Time 0.104 (0.226)	Loss 6686.7505 (6942.8599)	F1 0.100 (0.094)	AUROC 0.500 (0.500)	AUPR 0.556 (0.553)	Prec@1 0.111 (0.105)
 * Prec@1 0.105
 * F1 0.094
 * AUROC 0.500
 * AUPR 0.553
Overall lr:  0.1
(array([0, 1]), array([10, 10]))
Epoch: [22][0/166]	Loss 912402.3125 (912402.3125)	F1 0.321 (0.321)	AUROC 0.614 (0.614)	AUPR 0.578 (0.578)	Prec@1 0.325 (0.325)
Epoch: [22][100/166]	Loss 803371.5000 (1023227.6680)	F1 0.451 (0.376)	AUROC 0.542 (0.522)	AUPR 0.334 (0.377)	Prec@1 0.575 (0.464)
Epoch: [22][165/166]	Loss 935425.1250 (1049469.5198)	F1 0.368 (0.370)	AUROC 0.384 (0.514)	AUPR 0.241 (0.373)	Prec@1 0.462 (0.454)
Test: [34/35]	Time 0.107 (0.223)	Loss 4920.0356 (4638.5674)	F1 0.053 (0.093)	AUROC 0.500 (0.500)	AUPR 0.528 (0.553)	Prec@1 0.056 (0.105)
 * Prec@1 0.105
 * F1 0.093
 * AUROC 0.500
 * AUPR 0.553
Overall lr:  0.1
(array([0, 1]), array([10, 10]))
Epoch: [23][0/166]	Loss 673853.2500 (673853.2500)	F1 0.375 (0.375)	AUROC 0.639 (0.639)	AUPR 0.567 (0.567)	Prec@1 0.400 (0.400)
Epoch: [23][100/166]	Loss 458641.2188 (1002313.0879)	F1 0.486 (0.369)	AUROC 0.714 (0.511)	AUPR 0.600 (0.364)	Prec@1 0.525 (0.459)
Epoch: [23][165/166]	Loss 957130.6875 (1029007.9134)	F1 0.308 (0.373)	AUROC 0.591 (0.517)	AUPR 0.591 (0.373)	Prec@1 0.308 (0.461)
Test: [34/35]	Time 0.094 (0.224)	Loss 8438.0654 (8246.9492)	F1 0.053 (0.093)	AUROC 0.500 (0.500)	AUPR 0.528 (0.553)	Prec@1 0.056 (0.105)
 * Prec@1 0.105
 * F1 0.093
 * AUROC 0.500
 * AUPR 0.553
Overall lr:  0.1
(array([0, 1]), array([10, 10]))
Epoch: [24][0/166]	Loss 1378884.6250 (1378884.6250)	F1 0.225 (0.225)	AUROC 0.557 (0.557)	AUPR 0.569 (0.569)	Prec@1 0.225 (0.225)
Epoch: [24][100/166]	Loss 1244675.5000 (1062005.5155)	F1 0.343 (0.361)	AUROC 0.463 (0.501)	AUPR 0.441 (0.373)	Prec@1 0.350 (0.436)
Epoch: [24][165/166]	Loss 323410.4375 (1072670.4824)	F1 0.519 (0.360)	AUROC 0.761 (0.495)	AUPR 0.607 (0.359)	Prec@1 0.577 (0.440)
Test: [34/35]	Time 0.106 (0.223)	Loss 546.5037 (525.8312)	F1 0.471 (0.472)	AUROC 0.500 (0.500)	AUPR 0.556 (0.553)	Prec@1 0.889 (0.895)
 * Prec@1 0.895
 * F1 0.472
 * AUROC 0.500
 * AUPR 0.553
Overall lr:  0.1
(array([0, 1]), array([10, 10]))
Epoch: [25][0/166]	Loss 3094924.2500 (3094924.2500)	F1 0.440 (0.440)	AUROC 0.437 (0.437)	AUPR 0.197 (0.197)	Prec@1 0.625 (0.625)
Epoch: [25][100/166]	Loss 1114284.3750 (1126110.9616)	F1 0.375 (0.351)	AUROC 0.311 (0.488)	AUPR 0.037 (0.347)	Prec@1 0.600 (0.442)
Epoch: [25][165/166]	Loss 523232.3438 (1105427.9974)	F1 0.505 (0.352)	AUROC 0.604 (0.494)	AUPR 0.332 (0.355)	Prec@1 0.692 (0.440)
Test: [34/35]	Time 0.101 (0.226)	Loss 0.9720 (141.0213)	F1 1.000 (0.522)	AUROC 0.500 (0.534)	AUPR 0.500 (0.221)	Prec@1 1.000 (0.817)
 * Prec@1 0.817
 * F1 0.522
 * AUROC 0.534
 * AUPR 0.221
Overall lr:  0.1
(array([0, 1]), array([10, 10]))
Epoch: [26][0/166]	Loss 939546.5000 (939546.5000)	F1 0.451 (0.451)	AUROC 0.542 (0.542)	AUPR 0.334 (0.334)	Prec@1 0.575 (0.575)
Epoch: [26][100/166]	Loss 974185.3750 (1071655.5223)	F1 0.394 (0.366)	AUROC 0.525 (0.514)	AUPR 0.438 (0.370)	Prec@1 0.425 (0.455)
Epoch: [26][165/166]	Loss 695012.2500 (1048260.5784)	F1 0.381 (0.372)	AUROC 0.636 (0.518)	AUPR 0.600 (0.376)	Prec@1 0.385 (0.459)
Test: [34/35]	Time 0.104 (0.227)	Loss 1494.2778 (1371.2120)	F1 0.100 (0.147)	AUROC 0.500 (0.510)	AUPR 0.556 (0.540)	Prec@1 0.111 (0.152)
 * Prec@1 0.152
 * F1 0.147
 * AUROC 0.510
 * AUPR 0.540
Overall lr:  0.1
(array([0, 1]), array([10, 10]))
Epoch: [27][0/166]	Loss 1729064.2500 (1729064.2500)	F1 0.427 (0.427)	AUROC 0.516 (0.516)	AUPR 0.454 (0.454)	Prec@1 0.450 (0.450)
Epoch: [27][100/166]	Loss 1387444.0000 (1033386.8201)	F1 0.120 (0.368)	AUROC 0.551 (0.492)	AUPR 0.514 (0.349)	Prec@1 0.125 (0.452)
Epoch: [27][165/166]	Loss 910173.4375 (1059261.8689)	F1 0.366 (0.364)	AUROC 0.300 (0.498)	AUPR 0.019 (0.357)	Prec@1 0.577 (0.449)
Test: [34/35]	Time 0.097 (0.221)	Loss 122.4793 (152.8929)	F1 0.455 (0.492)	AUROC 0.441 (0.504)	AUPR 0.028 (0.280)	Prec@1 0.833 (0.890)
 * Prec@1 0.890
 * F1 0.492
 * AUROC 0.504
 * AUPR 0.280
Overall lr:  0.1
(array([0, 1]), array([10, 10]))
Epoch: [28][0/166]	Loss 716380.8750 (716380.8750)	F1 0.389 (0.389)	AUROC 0.563 (0.563)	AUPR 0.391 (0.391)	Prec@1 0.475 (0.475)
Epoch: [28][100/166]	Loss 1041286.5625 (1054598.7772)	F1 0.365 (0.357)	AUROC 0.303 (0.497)	AUPR 0.025 (0.363)	Prec@1 0.575 (0.434)
Epoch: [28][165/166]	Loss 351438.8438 (1041467.3272)	F1 0.320 (0.355)	AUROC 0.438 (0.488)	AUPR 0.300 (0.355)	Prec@1 0.385 (0.436)
Test: [34/35]	Time 0.096 (0.221)	Loss 1598.9205 (1426.5273)	F1 0.100 (0.105)	AUROC 0.500 (0.505)	AUPR 0.556 (0.553)	Prec@1 0.111 (0.115)
 * Prec@1 0.115
 * F1 0.105
 * AUROC 0.505
 * AUPR 0.553
Overall lr:  0.1
(array([0, 1]), array([10, 10]))
Epoch: [29][0/166]	Loss 1107648.5000 (1107648.5000)	F1 0.525 (0.525)	AUROC 0.630 (0.630)	AUPR 0.507 (0.507)	Prec@1 0.575 (0.575)
Epoch: [29][100/166]	Loss 1119713.2500 (994615.7761)	F1 0.335 (0.374)	AUROC 0.543 (0.520)	AUPR 0.481 (0.369)	Prec@1 0.350 (0.469)
Epoch: [29][165/166]	Loss 876898.1250 (1033321.4372)	F1 0.149 (0.371)	AUROC 0.560 (0.516)	AUPR 0.522 (0.375)	Prec@1 0.154 (0.459)
Test: [34/35]	Time 0.094 (0.223)	Loss 3790.1946 (3920.7764)	F1 0.143 (0.094)	AUROC 0.500 (0.500)	AUPR 0.583 (0.553)	Prec@1 0.167 (0.105)
 * Prec@1 0.105
 * F1 0.094
 * AUROC 0.500
 * AUPR 0.553
Overall lr:  0.010000000000000002
(array([0, 1]), array([10, 10]))
Epoch: [30][0/166]	Loss 717268.8750 (717268.8750)	F1 0.427 (0.427)	AUROC 0.686 (0.686)	AUPR 0.593 (0.593)	Prec@1 0.450 (0.450)
Epoch: [30][100/166]	Loss 421514.6875 (850233.5996)	F1 0.413 (0.382)	AUROC 0.597 (0.511)	AUPR 0.453 (0.363)	Prec@1 0.475 (0.458)
Epoch: [30][165/166]	Loss 556736.6875 (845520.4032)	F1 0.226 (0.375)	AUROC 0.420 (0.498)	AUPR 0.400 (0.357)	Prec@1 0.231 (0.448)
Test: [34/35]	Time 0.104 (0.221)	Loss 2786.9358 (2579.7537)	F1 0.053 (0.094)	AUROC 0.500 (0.500)	AUPR 0.528 (0.553)	Prec@1 0.056 (0.105)
 * Prec@1 0.105
 * F1 0.094
 * AUROC 0.500
 * AUPR 0.553
Overall lr:  0.010000000000000002
(array([0, 1]), array([10, 10]))
Epoch: [31][0/166]	Loss 753873.0625 (753873.0625)	F1 0.396 (0.396)	AUROC 0.583 (0.583)	AUPR 0.450 (0.450)	Prec@1 0.450 (0.450)
Epoch: [31][100/166]	Loss 777114.4375 (676731.1632)	F1 0.344 (0.383)	AUROC 0.300 (0.509)	AUPR 0.062 (0.362)	Prec@1 0.525 (0.462)
Epoch: [31][165/166]	Loss 516751.1250 (665652.2939)	F1 0.350 (0.382)	AUROC 0.432 (0.513)	AUPR 0.351 (0.372)	Prec@1 0.385 (0.457)
Test: [34/35]	Time 0.093 (0.222)	Loss 489.4784 (613.1772)	F1 0.325 (0.227)	AUROC 0.656 (0.525)	AUPR 0.577 (0.502)	Prec@1 0.333 (0.234)
 * Prec@1 0.234
 * F1 0.227
 * AUROC 0.525
 * AUPR 0.502
Overall lr:  0.010000000000000002
(array([0, 1]), array([10, 10]))
Epoch: [32][0/166]	Loss 787953.6875 (787953.6875)	F1 0.357 (0.357)	AUROC 0.444 (0.444)	AUPR 0.317 (0.317)	Prec@1 0.425 (0.425)
Epoch: [32][100/166]	Loss 1044199.8125 (603391.6479)	F1 0.301 (0.367)	AUROC 0.356 (0.501)	AUPR 0.212 (0.361)	Prec@1 0.375 (0.440)
Epoch: [32][165/166]	Loss 480366.5625 (570301.4436)	F1 0.103 (0.369)	AUROC 0.062 (0.500)	AUPR 0.038 (0.364)	Prec@1 0.115 (0.438)
Test: [34/35]	Time 0.101 (0.222)	Loss 1852.8242 (1972.2919)	F1 0.100 (0.094)	AUROC 0.500 (0.500)	AUPR 0.556 (0.553)	Prec@1 0.111 (0.105)
 * Prec@1 0.105
 * F1 0.094
 * AUROC 0.500
 * AUPR 0.553
Overall lr:  0.010000000000000002
(array([0, 1]), array([10, 10]))
Epoch: [33][0/166]	Loss 440395.5938 (440395.5938)	F1 0.289 (0.289)	AUROC 0.357 (0.357)	AUPR 0.276 (0.276)	Prec@1 0.325 (0.325)
Epoch: [33][100/166]	Loss 555733.4375 (422371.6368)	F1 0.436 (0.368)	AUROC 0.461 (0.497)	AUPR 0.279 (0.353)	Prec@1 0.550 (0.441)
Epoch: [33][165/166]	Loss 43984.1133 (412613.2941)	F1 0.641 (0.371)	AUROC 0.848 (0.502)	AUPR 0.650 (0.363)	Prec@1 0.731 (0.442)
Test: [34/35]	Time 0.093 (0.221)	Loss 117.1380 (158.7500)	F1 0.486 (0.486)	AUROC 0.500 (0.500)	AUPR 0.528 (0.553)	Prec@1 0.944 (0.895)
 * Prec@1 0.895
 * F1 0.486
 * AUROC 0.500
 * AUPR 0.553
Overall lr:  0.010000000000000002
(array([0, 1]), array([10, 10]))
Epoch: [34][0/166]	Loss 374287.1562 (374287.1562)	F1 0.603 (0.603)	AUROC 0.686 (0.686)	AUPR 0.536 (0.536)	Prec@1 0.675 (0.675)
Epoch: [34][100/166]	Loss 254078.4844 (341197.6283)	F1 0.407 (0.375)	AUROC 0.671 (0.499)	AUPR 0.589 (0.360)	Prec@1 0.425 (0.452)
Epoch: [34][165/166]	Loss 107595.6875 (329172.4629)	F1 0.511 (0.375)	AUROC 0.638 (0.498)	AUPR 0.443 (0.359)	Prec@1 0.615 (0.454)
Test: [34/35]	Time 0.116 (0.224)	Loss 63.9136 (121.6017)	F1 0.486 (0.515)	AUROC 0.500 (0.500)	AUPR 0.528 (0.553)	Prec@1 0.944 (0.895)
 * Prec@1 0.895
 * F1 0.515
 * AUROC 0.500
 * AUPR 0.553
Overall lr:  0.010000000000000002
(array([0, 1]), array([10, 10]))
Epoch: [35][0/166]	Loss 71713.2578 (71713.2578)	F1 0.524 (0.524)	AUROC 0.754 (0.754)	AUPR 0.535 (0.535)	Prec@1 0.600 (0.600)
Epoch: [35][100/166]	Loss 123598.4688 (267152.5427)	F1 0.413 (0.372)	AUROC 0.464 (0.493)	AUPR 0.223 (0.357)	Prec@1 0.575 (0.445)
Epoch: [35][165/166]	Loss 67457.2500 (257462.7913)	F1 0.366 (0.368)	AUROC 0.500 (0.500)	AUPR 0.500 (0.364)	Prec@1 0.577 (0.444)
Test: [34/35]	Time 0.106 (0.221)	Loss 219.6216 (171.6140)	F1 0.164 (0.334)	AUROC 0.328 (0.565)	AUPR 0.312 (0.481)	Prec@1 0.167 (0.363)
 * Prec@1 0.363
 * F1 0.334
 * AUROC 0.565
 * AUPR 0.481
Overall lr:  0.010000000000000002
(array([0, 1]), array([10, 10]))
Epoch: [36][0/166]	Loss 190905.1250 (190905.1250)	F1 0.389 (0.389)	AUROC 0.572 (0.572)	AUPR 0.393 (0.393)	Prec@1 0.475 (0.475)
Epoch: [36][100/166]	Loss 237126.0156 (207652.0519)	F1 0.355 (0.374)	AUROC 0.389 (0.523)	AUPR 0.071 (0.374)	Prec@1 0.550 (0.457)
Epoch: [36][165/166]	Loss 86930.2656 (203258.9169)	F1 0.370 (0.371)	AUROC 0.534 (0.512)	AUPR 0.478 (0.371)	Prec@1 0.385 (0.448)
Test: [34/35]	Time 0.104 (0.222)	Loss 835.0078 (718.4556)	F1 0.053 (0.093)	AUROC 0.500 (0.500)	AUPR 0.528 (0.553)	Prec@1 0.056 (0.105)
 * Prec@1 0.105
 * F1 0.093
 * AUROC 0.500
 * AUPR 0.553
Overall lr:  0.010000000000000002
(array([0, 1]), array([10, 10]))
Epoch: [37][0/166]	Loss 143784.8906 (143784.8906)	F1 0.427 (0.427)	AUROC 0.608 (0.608)	AUPR 0.525 (0.525)	Prec@1 0.450 (0.450)
Epoch: [37][100/166]	Loss 178876.8125 (159737.0391)	F1 0.242 (0.372)	AUROC 0.472 (0.505)	AUPR 0.434 (0.365)	Prec@1 0.250 (0.450)
Epoch: [37][165/166]	Loss 137491.9062 (160367.7569)	F1 0.415 (0.365)	AUROC 0.481 (0.506)	AUPR 0.472 (0.369)	Prec@1 0.423 (0.443)
Test: [34/35]	Time 0.102 (0.219)	Loss 819.9247 (778.8784)	F1 0.053 (0.094)	AUROC 0.500 (0.500)	AUPR 0.528 (0.553)	Prec@1 0.056 (0.105)
 * Prec@1 0.105
 * F1 0.094
 * AUROC 0.500
 * AUPR 0.553
Overall lr:  0.010000000000000002
(array([0, 1]), array([10, 10]))
Epoch: [38][0/166]	Loss 117190.2031 (117190.2031)	F1 0.253 (0.253)	AUROC 0.654 (0.654)	AUPR 0.518 (0.518)	Prec@1 0.300 (0.300)
Epoch: [38][100/166]	Loss 92414.9844 (137510.2013)	F1 0.422 (0.369)	AUROC 0.652 (0.510)	AUPR 0.617 (0.380)	Prec@1 0.425 (0.444)
Epoch: [38][165/166]	Loss 26912.5469 (132226.4435)	F1 0.414 (0.364)	AUROC 0.760 (0.507)	AUPR 0.538 (0.375)	Prec@1 0.538 (0.441)
Test: [34/35]	Time 0.099 (0.222)	Loss 128.0896 (107.4448)	F1 0.471 (0.472)	AUROC 0.500 (0.500)	AUPR 0.556 (0.553)	Prec@1 0.889 (0.895)
 * Prec@1 0.895
 * F1 0.472
 * AUROC 0.500
 * AUPR 0.553
Overall lr:  0.010000000000000002
(array([0, 1]), array([10, 10]))
Epoch: [39][0/166]	Loss 138171.0000 (138171.0000)	F1 0.420 (0.420)	AUROC 0.403 (0.403)	AUPR 0.050 (0.050)	Prec@1 0.725 (0.725)
Epoch: [39][100/166]	Loss 58022.6484 (120131.9063)	F1 0.413 (0.366)	AUROC 0.716 (0.509)	AUPR 0.562 (0.352)	Prec@1 0.475 (0.456)
Epoch: [39][165/166]	Loss 90684.7734 (120521.7199)	F1 0.295 (0.369)	AUROC 0.406 (0.518)	AUPR 0.298 (0.370)	Prec@1 0.346 (0.454)
Test: [34/35]	Time 0.102 (0.221)	Loss 30.1015 (40.7648)	F1 0.723 (0.428)	AUROC 0.778 (0.606)	AUPR 0.416 (0.380)	Prec@1 0.778 (0.507)
 * Prec@1 0.507
 * F1 0.428
 * AUROC 0.606
 * AUPR 0.380
Overall lr:  0.010000000000000002
(array([0, 1]), array([10, 10]))
Epoch: [40][0/166]	Loss 124109.1328 (124109.1328)	F1 0.289 (0.289)	AUROC 0.354 (0.354)	AUPR 0.276 (0.276)	Prec@1 0.325 (0.325)
Epoch: [40][100/166]	Loss 100161.2578 (114487.6654)	F1 0.375 (0.369)	AUROC 0.569 (0.524)	AUPR 0.486 (0.387)	Prec@1 0.400 (0.448)
Epoch: [40][165/166]	Loss 51387.5859 (111231.1029)	F1 0.391 (0.363)	AUROC 0.493 (0.516)	AUPR 0.260 (0.378)	Prec@1 0.500 (0.442)
Test: [34/35]	Time 0.101 (0.222)	Loss 17.6878 (33.7511)	F1 0.625 (0.441)	AUROC 0.833 (0.563)	AUPR 0.688 (0.348)	Prec@1 0.667 (0.549)
 * Prec@1 0.549
 * F1 0.441
 * AUROC 0.563
 * AUPR 0.348
Overall lr:  0.010000000000000002
(array([0, 1]), array([10, 10]))
Epoch: [41][0/166]	Loss 180762.4375 (180762.4375)	F1 0.253 (0.253)	AUROC 0.212 (0.212)	AUPR 0.167 (0.167)	Prec@1 0.300 (0.300)
Epoch: [41][100/166]	Loss 151414.6562 (113759.1581)	F1 0.201 (0.355)	AUROC 0.349 (0.506)	AUPR 0.278 (0.383)	Prec@1 0.225 (0.419)
Epoch: [41][165/166]	Loss 50847.1562 (112922.9065)	F1 0.259 (0.352)	AUROC 0.604 (0.498)	AUPR 0.548 (0.368)	Prec@1 0.269 (0.427)
Test: [34/35]	Time 0.092 (0.223)	Loss 235.7380 (232.7163)	F1 0.100 (0.095)	AUROC 0.500 (0.501)	AUPR 0.556 (0.553)	Prec@1 0.111 (0.107)
 * Prec@1 0.107
 * F1 0.095
 * AUROC 0.501
 * AUPR 0.553
Overall lr:  0.010000000000000002
(array([0, 1]), array([10, 10]))
Epoch: [42][0/166]	Loss 134246.8594 (134246.8594)	F1 0.271 (0.271)	AUROC 0.389 (0.389)	AUPR 0.311 (0.311)	Prec@1 0.300 (0.300)
Epoch: [42][100/166]	Loss 122886.8828 (104438.6424)	F1 0.250 (0.370)	AUROC 0.490 (0.509)	AUPR 0.503 (0.366)	Prec@1 0.250 (0.449)
Epoch: [42][165/166]	Loss 83679.0312 (106209.1358)	F1 0.378 (0.366)	AUROC 0.522 (0.502)	AUPR 0.414 (0.366)	Prec@1 0.423 (0.445)
Test: [34/35]	Time 0.098 (0.221)	Loss 96.5296 (89.6295)	F1 0.387 (0.198)	AUROC 0.633 (0.521)	AUPR 0.607 (0.523)	Prec@1 0.389 (0.201)
 * Prec@1 0.201
 * F1 0.198
 * AUROC 0.521
 * AUPR 0.523
Overall lr:  0.010000000000000002
(array([0, 1]), array([10, 10]))
Epoch: [43][0/166]	Loss 69059.1016 (69059.1016)	F1 0.373 (0.373)	AUROC 0.349 (0.349)	AUPR 0.182 (0.182)	Prec@1 0.450 (0.450)
Epoch: [43][100/166]	Loss 50084.3125 (102326.9779)	F1 0.345 (0.348)	AUROC 0.441 (0.486)	AUPR 0.283 (0.361)	Prec@1 0.450 (0.422)
Epoch: [43][165/166]	Loss 20321.9238 (98754.1689)	F1 0.395 (0.354)	AUROC 0.320 (0.484)	AUPR 0.019 (0.352)	Prec@1 0.654 (0.430)
Test: [34/35]	Time 0.097 (0.222)	Loss 14.8807 (31.8177)	F1 0.486 (0.508)	AUROC 0.500 (0.513)	AUPR 0.528 (0.495)	Prec@1 0.944 (0.896)
 * Prec@1 0.896
 * F1 0.508
 * AUROC 0.513
 * AUPR 0.495
Overall lr:  0.010000000000000002
(array([0, 1]), array([10, 10]))
Epoch: [44][0/166]	Loss 77045.1406 (77045.1406)	F1 0.526 (0.526)	AUROC 0.577 (0.577)	AUPR 0.257 (0.257)	Prec@1 0.775 (0.775)
Epoch: [44][100/166]	Loss 100435.8125 (97270.6737)	F1 0.333 (0.354)	AUROC 0.256 (0.510)	AUPR 0.013 (0.374)	Prec@1 0.500 (0.428)
Epoch: [44][165/166]	Loss 21264.8691 (101000.6720)	F1 0.436 (0.349)	AUROC 0.510 (0.499)	AUPR 0.309 (0.371)	Prec@1 0.577 (0.421)
Test: [34/35]	Time 0.101 (0.222)	Loss 21.6633 (25.0723)	F1 0.486 (0.491)	AUROC 0.471 (0.508)	AUPR 0.028 (0.317)	Prec@1 0.944 (0.893)
 * Prec@1 0.893
 * F1 0.491
 * AUROC 0.508
 * AUPR 0.317
Overall lr:  0.0010000000000000002
(array([0, 1]), array([10, 10]))
Epoch: [45][0/166]	Loss 190567.6562 (190567.6562)	F1 0.436 (0.436)	AUROC 0.461 (0.461)	AUPR 0.279 (0.279)	Prec@1 0.550 (0.550)
Epoch: [45][100/166]	Loss 90396.8906 (84844.6039)	F1 0.213 (0.369)	AUROC 0.428 (0.484)	AUPR 0.377 (0.354)	Prec@1 0.225 (0.437)
Epoch: [45][165/166]	Loss 110908.6406 (80248.5849)	F1 0.259 (0.365)	AUROC 0.319 (0.489)	AUPR 0.313 (0.357)	Prec@1 0.269 (0.431)
Test: [34/35]	Time 0.094 (0.221)	Loss 137.7372 (193.1015)	F1 0.182 (0.093)	AUROC 0.500 (0.500)	AUPR 0.611 (0.553)	Prec@1 0.222 (0.105)
 * Prec@1 0.105
 * F1 0.093
 * AUROC 0.500
 * AUPR 0.553
Overall lr:  0.0010000000000000002
(array([0, 1]), array([10, 10]))
Epoch: [46][0/166]	Loss 63719.5156 (63719.5156)	F1 0.487 (0.487)	AUROC 0.578 (0.578)	AUPR 0.452 (0.452)	Prec@1 0.550 (0.550)
Epoch: [46][100/166]	Loss 74865.0391 (69119.2609)	F1 0.394 (0.373)	AUROC 0.515 (0.514)	AUPR 0.436 (0.379)	Prec@1 0.425 (0.438)
Epoch: [46][165/166]	Loss 38333.7109 (66471.6195)	F1 0.333 (0.369)	AUROC 0.239 (0.504)	AUPR 0.058 (0.367)	Prec@1 0.500 (0.440)
Test: [34/35]	Time 0.091 (0.223)	Loss 35.5759 (31.2926)	F1 0.280 (0.398)	AUROC 0.500 (0.569)	AUPR 0.500 (0.387)	Prec@1 0.389 (0.462)
 * Prec@1 0.462
 * F1 0.398
 * AUROC 0.569
 * AUPR 0.387
Overall lr:  0.0010000000000000002
(array([0, 1]), array([10, 10]))
Epoch: [47][0/166]	Loss 40889.6719 (40889.6719)	F1 0.420 (0.420)	AUROC 0.599 (0.599)	AUPR 0.398 (0.398)	Prec@1 0.525 (0.525)
Epoch: [47][100/166]	Loss 37527.1328 (58890.3325)	F1 0.524 (0.361)	AUROC 0.681 (0.484)	AUPR 0.486 (0.360)	Prec@1 0.600 (0.421)
Epoch: [47][165/166]	Loss 19838.2305 (55122.5730)	F1 0.321 (0.359)	AUROC 0.471 (0.486)	AUPR 0.406 (0.359)	Prec@1 0.346 (0.425)
Test: [34/35]	Time 0.107 (0.222)	Loss 190.8862 (189.2362)	F1 0.053 (0.093)	AUROC 0.500 (0.500)	AUPR 0.528 (0.553)	Prec@1 0.056 (0.105)
 * Prec@1 0.105
 * F1 0.093
 * AUROC 0.500
 * AUPR 0.553
Overall lr:  0.0010000000000000002
(array([0, 1]), array([10, 10]))
Epoch: [48][0/166]	Loss 58014.8320 (58014.8320)	F1 0.350 (0.350)	AUROC 0.529 (0.529)	AUPR 0.556 (0.556)	Prec@1 0.350 (0.350)
Epoch: [48][100/166]	Loss 56726.1484 (44244.2306)	F1 0.413 (0.386)	AUROC 0.544 (0.537)	AUPR 0.443 (0.394)	Prec@1 0.450 (0.460)
Epoch: [48][165/166]	Loss 16484.7344 (41354.6922)	F1 0.368 (0.387)	AUROC 0.720 (0.533)	AUPR 0.533 (0.383)	Prec@1 0.462 (0.465)
Test: [34/35]	Time 0.103 (0.223)	Loss 41.4567 (45.3692)	F1 0.143 (0.232)	AUROC 0.600 (0.558)	AUPR 0.600 (0.490)	Prec@1 0.167 (0.238)
 * Prec@1 0.238
 * F1 0.232
 * AUROC 0.558
 * AUPR 0.490
Overall lr:  0.0010000000000000002
(array([0, 1]), array([10, 10]))
Epoch: [49][0/166]	Loss 43306.0234 (43306.0234)	F1 0.301 (0.301)	AUROC 0.406 (0.406)	AUPR 0.198 (0.198)	Prec@1 0.375 (0.375)
Epoch: [49][100/166]	Loss 40180.9453 (36137.0311)	F1 0.286 (0.377)	AUROC 0.267 (0.504)	AUPR 0.181 (0.362)	Prec@1 0.350 (0.450)
Epoch: [49][165/166]	Loss 11595.3320 (34672.4894)	F1 0.414 (0.378)	AUROC 0.780 (0.509)	AUPR 0.542 (0.365)	Prec@1 0.538 (0.450)
wandb: Waiting for W&B process to finish... (success).
wandb: - 0.028 MB of 0.028 MB uploaded (0.000 MB deduped)wandb: \ 0.028 MB of 0.028 MB uploaded (0.000 MB deduped)wandb: | 0.028 MB of 0.028 MB uploaded (0.000 MB deduped)wandb: / 0.028 MB of 0.028 MB uploaded (0.000 MB deduped)wandb: - 0.028 MB of 0.028 MB uploaded (0.000 MB deduped)wandb: \ 0.028 MB of 0.028 MB uploaded (0.000 MB deduped)wandb: | 0.028 MB of 0.028 MB uploaded (0.000 MB deduped)wandb: / 0.028 MB of 0.028 MB uploaded (0.000 MB deduped)wandb: 
wandb: Run history:
wandb:     BCE-loss ▅▅▆▆▇▇▇▇▇▇▇▇██▇█▇██▇████▆▅▅▄▂▂▂▂▂▂▁▁▁▁▁▁
wandb: overall-loss ▆▆▇▇▇████▇▇▇█▇▇▇▇▇▇▇█▇▇▇▆▅▄▃▂▂▂▂▁▁▁▁▁▁▁▁
wandb:    test-aupr ▂███████████████████▂█▃██▇██▇███▄█▇▇█▅█▁
wandb:   test-auroc ▅▁▁▁▁▁▁▂▁▁▁▁▁▁▁▁▁▁▁▁▄▂▁▂▁▄▁▁█▁▁▁▇▁▃▂▁█▁▇
wandb:      test-f1 █▁▇▁▁▁▁▂▇▇▁▁▁▁▁▁▁▁▁▁█▂█▁▁▃▁▇▅▁▁▇▇▁▃█▁▆▁█
wandb:    test-loss ▁▃▂▆▅▃█▂▂▁▅▃▅▄▄█▃▇▅█▁▂▁▂▃▂▃▁▁▂▂▁▁▁▁▁▁▁▁▁
wandb:   test-prec1 ▇▁█▁▁▁▁▁██▁▁▁▁▁▁▁▁▁▁▇▁█▁▁▂▁█▃▁▁█▅▁▂█▁▄▁█
wandb:   train-aupr ▂▁▃▂▅▃▅▄▅▆▇▇▆▇▆▆██▇▇▅█▅▅▅▇▆▆▆▇▇██▇▇▅▅▇▆▆
wandb:  train-auroc ▄▅▅▄█▂▃▃▄▇▇▇▅▅▆▄▇█▇▇▃▇▄▂▄▇▄▄▄▆▅▅▇▄▄▁▂▅▁▆
wandb:     train-f1 ▅█▆▆▆▃▄▃▃▅▅▆▃▄▄▃▄▄▃▄▁▄▂▁▄▅▃▃▃▃▃▃▂▁▃▁▃▃▂▄
wandb: train-otloss █▆▄▄▃▄▃▂▂▂▃▃▂▃▂▂▂▃▂▁▂▃▃▂▁▁▂▁▃▂▂▃▂▂▃▂▂▃▃▃
wandb:  train-prec1 ▇█▆▆▆▄▄▃▃▄▄▄▃▃▄▃▄▃▃▃▂▃▃▂▃▃▂▂▂▃▂▂▂▁▂▁▁▂▁▃
wandb:     val-loss ▆▆▇▇▇█▇▇█▇▇▇█▇▇▇▇██▇▇███▆▅▄▄▂▂▂▂▂▂▁▁▁▁▁▁
wandb: 
wandb: Run summary:
wandb:     BCE-loss 287.60491
wandb: overall-loss 34672.48942
wandb:    test-aupr 0.18253
wandb:   test-auroc 0.5634
wandb:      test-f1 0.51353
wandb:    test-loss 6.97245
wandb:   test-prec1 0.85341
wandb:   train-aupr 0.36543
wandb:  train-auroc 0.50864
wandb:     train-f1 0.37821
wandb: train-otloss 0.23789
wandb:  train-prec1 0.4502
wandb:     val-loss 114.47651
wandb: 
wandb: 🚀 View run exp_fpymeai6_MBertLstm_40 at: https://wandb.ai/abr-ehr/OT_ARF12/runs/4krnsdtf
wandb: Synced 5 W&B file(s), 0 media file(s), 0 artifact file(s) and 0 other file(s)
wandb: Find logs at: ./wandb/run-20230330_170811-4krnsdtf/logs
Test: [34/35]	Time 0.093 (0.223)	Loss 12.1302 (6.9724)	F1 0.455 (0.514)	AUROC 0.000 (0.563)	AUPR 0.028 (0.183)	Prec@1 0.833 (0.853)
 * Prec@1 0.853
 * F1 0.514
 * AUROC 0.563
 * AUPR 0.183
Best AUROC:  0.6056440519272809 Corresponding accuracy:  0.5072568940493469 Corresponding F1:  0.4277582777321067 Corresponding AUPR:  0.37991168898915323
